Using pre-set license
Built from '2021.1/staging' branch; Version is '2021.1.7f1 (d91830b65d9b) revision 14227504'; Using compiler version '192528614'; Build Type 'Release'
OS: 'Windows 10 Pro; OS build 19041.804; Version 2004; 64bit' Language: 'ru' Physical Memory: 15816 MB
BatchMode: 1, IsHumanControllingUs: 0, StartBugReporterOnCrash: 0, Is64bit: 1, IsPro: 0

 COMMAND LINE ARGUMENTS:
F:\Programms\Unity\2021.1.7f1\Editor\Unity.exe
-adb2
-batchMode
-noUpm
-name
AssetImportWorker0
-projectPath
F:/projects/SlotMachine
-logFile
Logs/AssetImportWorker0.log
-srvPort
58509
Successfully changed project path to: F:/projects/SlotMachine
F:/projects/SlotMachine
Using Asset Import Pipeline V2.
Refreshing native plugins compatible for Editor in 88.57 ms, found 2 plugins.
Preloading 0 native plugins for Editor in 0.00 ms.
Initialize engine version: 2021.1.7f1 (d91830b65d9b)
[Subsystems] Discovering subsystems at path F:/Programms/Unity/2021.1.7f1/Editor/Data/Resources/UnitySubsystems
[Subsystems] Discovering subsystems at path F:/projects/SlotMachine/Assets
GfxDevice: creating device client; threaded=0; jobified=0
Direct3D:
    Version:  Direct3D 11.0 [level 11.1]
    Renderer: NVIDIA GeForce GTX 960 (ID=0x1401)
    Vendor:   NVIDIA
    VRAM:     2007 MB
    Driver:   27.21.14.6172
Initialize mono
Mono path[0] = 'F:/Programms/Unity/2021.1.7f1/Editor/Data/Managed'
Mono path[1] = 'F:/Programms/Unity/2021.1.7f1/Editor/Data/MonoBleedingEdge/lib/mono/unityjit'
Mono config path = 'F:/Programms/Unity/2021.1.7f1/Editor/Data/MonoBleedingEdge/etc'
Using monoOptions --debugger-agent=transport=dt_socket,embedding=1,server=y,suspend=n,address=127.0.0.1:56712
Begin MonoManager ReloadAssembly
Registering precompiled unity dll's ...
Register platform support module: F:/Programms/Unity/2021.1.7f1/Editor/Data/PlaybackEngines/WebGLSupport/UnityEditor.WebGL.Extensions.dll
Register platform support module: F:/Programms/Unity/2021.1.7f1/Editor/Data/PlaybackEngines/MacStandaloneSupport/UnityEditor.OSXStandalone.Extensions.dll
Register platform support module: F:/Programms/Unity/2021.1.7f1/Editor/Data/PlaybackEngines/WindowsStandaloneSupport/UnityEditor.WindowsStandalone.Extensions.dll
Registered in 0.002238 seconds.
Native extension for WindowsStandalone target not found
Native extension for OSXStandalone target not found
Native extension for WebGL target not found
Refreshing native plugins compatible for Editor in 89.90 ms, found 2 plugins.
Preloading 0 native plugins for Editor in 0.00 ms.
Mono: successfully reloaded assembly
- Completed reload, in  2.933 seconds
Platform modules already initialized, skipping
Registering precompiled user dll's ...
Registered in 0.004440 seconds.
Begin MonoManager ReloadAssembly
Symbol file LoadedFromMemory doesn't match image F:\projects\SlotMachine\Library\PackageCache\com.unity.visualscripting@1.6.1\Editor\VisualScripting.Core\Dependencies\YamlDotNet\Unity.VisualScripting.YamlDotNet.dll
Symbol file LoadedFromMemory doesn't match image F:\projects\SlotMachine\Library\PackageCache\com.unity.visualscripting@1.6.1\Editor\VisualScripting.Core\Dependencies\DotNetZip\Unity.VisualScripting.IonicZip.dll
Native extension for WindowsStandalone target not found
Native extension for OSXStandalone target not found
Native extension for WebGL target not found
Refreshing native plugins compatible for Editor in 90.05 ms, found 2 plugins.
Preloading 0 native plugins for Editor in 0.00 ms.
Mono: successfully reloaded assembly
- Completed reload, in  1.036 seconds
Platform modules already initialized, skipping
========================================================================
Worker process is ready to serve import requests
Launched and connected shader compiler UnityShaderCompiler.exe after 0.12 seconds
Refreshing native plugins compatible for Editor in 0.67 ms, found 2 plugins.
Preloading 0 native plugins for Editor in 0.00 ms.
Unloading 3381 Unused Serialized files (Serialized files now loaded: 0)
System memory in use before: 128.2 MB.
System memory in use after: 128.3 MB.

Unloading 30 unused Assets to reduce memory usage. Loaded Objects now: 3837.
Total: 2.852700 ms (FindLiveObjects: 0.522500 ms CreateObjectMapping: 0.085100 ms MarkObjects: 2.121800 ms  DeleteObjects: 0.121500 ms)

========================================================================
Received Import Request.
  path: Assets
  artifactKey: Guid(00000000000000001000000000000000) Importer(815301076,1909f56bfc062723c751e8b465ee728b)
Start importing Assets using Guid(00000000000000001000000000000000) Importer(815301076,1909f56bfc062723c751e8b465ee728b)  -> (artifact id: '42d402b061de3733987d63b9cc3b64de') in 0.012430 seconds 
========================================================================
Received Import Request.
  Time since last request: 0.000254 seconds.
  path: Assets/Scripts
  artifactKey: Guid(bd0381f23856f074e9bd83dad956e355) Importer(815301076,1909f56bfc062723c751e8b465ee728b)
Start importing Assets/Scripts using Guid(bd0381f23856f074e9bd83dad956e355) Importer(815301076,1909f56bfc062723c751e8b465ee728b)  -> (artifact id: 'bfb18962d088dd415f1d1de9f36c7d4f') in 0.031587 seconds 
========================================================================
Received Import Request.
  Time since last request: 2.985889 seconds.
  path: Assets/Sprites
  artifactKey: Guid(7271fba145ee83c4b97d676c166bd823) Importer(815301076,1909f56bfc062723c751e8b465ee728b)
Start importing Assets/Sprites using Guid(7271fba145ee83c4b97d676c166bd823) Importer(815301076,1909f56bfc062723c751e8b465ee728b)  -> (artifact id: 'fa9afb38de8e390c42203a2905abc5ce') in 0.007846 seconds 
========================================================================
Received Import Request.
  Time since last request: 5.564346 seconds.
  path: Assets/Scriptables
  artifactKey: Guid(ca471052ba8046542a3ba6812f44f6ec) Importer(815301076,1909f56bfc062723c751e8b465ee728b)
Start importing Assets/Scriptables using Guid(ca471052ba8046542a3ba6812f44f6ec) Importer(815301076,1909f56bfc062723c751e8b465ee728b)  -> (artifact id: '5d0e8a9f8e30b0fb241e0a5b23815ac7') in 0.006804 seconds 
========================================================================
Received Import Request.
  Time since last request: 693.384333 seconds.
  path: Assets/Scripts/PrefsChanger.cs
  artifactKey: Guid(24cfb31a9b270ff47adad5ba1a18bade) Importer(815301076,1909f56bfc062723c751e8b465ee728b)
Start importing Assets/Scripts/PrefsChanger.cs using Guid(24cfb31a9b270ff47adad5ba1a18bade) Importer(815301076,1909f56bfc062723c751e8b465ee728b)  -> (artifact id: 'ca7985724329ec1bc49a8454f31b6535') in 0.065362 seconds 
========================================================================
Received Prepare
Registering precompiled user dll's ...
Registered in 0.003899 seconds.
Begin MonoManager ReloadAssembly
Symbol file LoadedFromMemory doesn't match image F:\projects\SlotMachine\Library\PackageCache\com.unity.visualscripting@1.6.1\Editor\VisualScripting.Core\Dependencies\YamlDotNet\Unity.VisualScripting.YamlDotNet.dll
Symbol file LoadedFromMemory doesn't match image F:\projects\SlotMachine\Library\PackageCache\com.unity.visualscripting@1.6.1\Editor\VisualScripting.Core\Dependencies\DotNetZip\Unity.VisualScripting.IonicZip.dll
Native extension for WindowsStandalone target not found
Native extension for OSXStandalone target not found
Native extension for WebGL target not found
Refreshing native plugins compatible for Editor in 0.78 ms, found 2 plugins.
Preloading 0 native plugins for Editor in 0.00 ms.
Mono: successfully reloaded assembly
- Completed reload, in  0.879 seconds
Platform modules already initialized, skipping
Refreshing native plugins compatible for Editor in 0.69 ms, found 2 plugins.
Preloading 0 native plugins for Editor in 0.00 ms.
Unloading 3377 Unused Serialized files (Serialized files now loaded: 0)
System memory in use before: 128.2 MB.
System memory in use after: 128.3 MB.

Unloading 18 unused Assets to reduce memory usage. Loaded Objects now: 3842.
Total: 2.333800 ms (FindLiveObjects: 0.350400 ms CreateObjectMapping: 0.078900 ms MarkObjects: 1.804200 ms  DeleteObjects: 0.099100 ms)

========================================================================
Received Import Request.
  Time since last request: 111.355472 seconds.
  path: Assets/Sprites/UI
  artifactKey: Guid(312733e21e834a64290595d3bffa7c0e) Importer(815301076,1909f56bfc062723c751e8b465ee728b)
Start importing Assets/Sprites/UI using Guid(312733e21e834a64290595d3bffa7c0e) Importer(815301076,1909f56bfc062723c751e8b465ee728b)  -> (artifact id: 'fa69a744395788f1df2f42b5c9cfb87e') in 0.010768 seconds 
========================================================================
Received Import Request.
  Time since last request: 349.745727 seconds.
  path: Assets/Sprites/Items
  artifactKey: Guid(6c0e1b231886a834eb01394dcdbbbfb8) Importer(815301076,1909f56bfc062723c751e8b465ee728b)
Start importing Assets/Sprites/Items using Guid(6c0e1b231886a834eb01394dcdbbbfb8) Importer(815301076,1909f56bfc062723c751e8b465ee728b)  -> (artifact id: '454778dcfc0dc8b4b692a7d8cfdd5c55') in 0.006087 seconds 
========================================================================
Received Import Request.
  Time since last request: 1772.557596 seconds.
  path: Assets/Sprites/UI/1200px-Cog_font_awesome.svg.png
  artifactKey: Guid(085d187eb5985524eadef2fddc7febf3) Importer(815301076,1909f56bfc062723c751e8b465ee728b)
Start importing Assets/Sprites/UI/1200px-Cog_font_awesome.svg.png using Guid(085d187eb5985524eadef2fddc7febf3) Importer(815301076,1909f56bfc062723c751e8b465ee728b)  -> (artifact id: '4abf263e2b8dd0a2a42805b88820e26e') in 0.200404 seconds 
========================================================================
Received Import Request.
  Time since last request: 0.000190 seconds.
  path: Assets/Sprites/UI/459246.jpg
  artifactKey: Guid(868a0e4e930a3a342a645ff4f1c1aba4) Importer(815301076,1909f56bfc062723c751e8b465ee728b)
Start importing Assets/Sprites/UI/459246.jpg using Guid(868a0e4e930a3a342a645ff4f1c1aba4) Importer(815301076,1909f56bfc062723c751e8b465ee728b)  -> (artifact id: '5d06a5d42156d60f2ab315eb13f782bf') in 0.016070 seconds 
========================================================================
Received Import Request.
  Time since last request: 0.000169 seconds.
  path: Assets/Sprites/UI/music-note-1275650_1280.png
  artifactKey: Guid(9399c802c97cc434f9794d7b1e8d1eaf) Importer(815301076,1909f56bfc062723c751e8b465ee728b)
Start importing Assets/Sprites/UI/music-note-1275650_1280.png using Guid(9399c802c97cc434f9794d7b1e8d1eaf) Importer(815301076,1909f56bfc062723c751e8b465ee728b)  -> (artifact id: '433568da222dde344626177c16d85a8f') in 0.013651 seconds 
========================================================================
Received Import Request.
  Time since last request: 0.000221 seconds.
  path: Assets/Sprites/UI/sound-icon.png
  artifactKey: Guid(a5618801fb9fb6e41972a65941fe3f0d) Importer(815301076,1909f56bfc062723c751e8b465ee728b)
Start importing Assets/Sprites/UI/sound-icon.png using Guid(a5618801fb9fb6e41972a65941fe3f0d) Importer(815301076,1909f56bfc062723c751e8b465ee728b)  -> (artifact id: '945deedfd04c8ff21af5203785249872') in 0.012164 seconds 
========================================================================
Received Import Request.
  Time since last request: 0.000193 seconds.
  path: Assets/Sprites/UI/png-clipart-trash-can-trash-can.png
  artifactKey: Guid(c8f8236a5c3b17b47aed4cee138a47e5) Importer(815301076,1909f56bfc062723c751e8b465ee728b)
Start importing Assets/Sprites/UI/png-clipart-trash-can-trash-can.png using Guid(c8f8236a5c3b17b47aed4cee138a47e5) Importer(815301076,1909f56bfc062723c751e8b465ee728b)  -> (artifact id: 'd9c31d2563fd3bceb5bcf39fc1692519') in 0.014608 seconds 
========================================================================
Received Import Request.
  Time since last request: 0.000182 seconds.
  path: Assets/Sprites/UI/Cell.png
  artifactKey: Guid(a24115504337ead47a81960774e91094) Importer(815301076,1909f56bfc062723c751e8b465ee728b)
Start importing Assets/Sprites/UI/Cell.png using Guid(a24115504337ead47a81960774e91094) Importer(815301076,1909f56bfc062723c751e8b465ee728b)  -> (artifact id: '51a9f133615e17e565ab5e0ddcb2787b') in 0.011105 seconds 
========================================================================
Received Import Request.
  Time since last request: 0.000144 seconds.
  path: Assets/Sprites/UI/trash-can-web-32257.png
  artifactKey: Guid(599af7feb85d30244bb62611cc5ad2c6) Importer(815301076,1909f56bfc062723c751e8b465ee728b)
Start importing Assets/Sprites/UI/trash-can-web-32257.png using Guid(599af7feb85d30244bb62611cc5ad2c6) Importer(815301076,1909f56bfc062723c751e8b465ee728b)  -> (artifact id: '830771081c56d62e15de6a416e886dc7') in 0.015014 seconds 
========================================================================
Received Import Request.
  Time since last request: 0.000123 seconds.
  path: Assets/Sprites/UI/stack-of-gold-coins-1.png
  artifactKey: Guid(535d2c356f4955949af6d05536276d09) Importer(815301076,1909f56bfc062723c751e8b465ee728b)
Start importing Assets/Sprites/UI/stack-of-gold-coins-1.png using Guid(535d2c356f4955949af6d05536276d09) Importer(815301076,1909f56bfc062723c751e8b465ee728b)  -> (artifact id: '9c9f004ce1b572c4313fb003b0e49e25') in 0.072433 seconds 
========================================================================
Received Import Request.
  Time since last request: 0.000171 seconds.
  path: Assets/Sprites/UI/free-exit-logout-icon-2857-thumb.png
  artifactKey: Guid(fa632ec623f48f24bbb7692e79ed43fb) Importer(815301076,1909f56bfc062723c751e8b465ee728b)
Start importing Assets/Sprites/UI/free-exit-logout-icon-2857-thumb.png using Guid(fa632ec623f48f24bbb7692e79ed43fb) Importer(815301076,1909f56bfc062723c751e8b465ee728b)  -> (artifact id: 'abe601bbd82eff770bff56de1525c0c4') in 0.062244 seconds 
========================================================================
Received Import Request.
  Time since last request: 55.848915 seconds.
  path: Assets/Sprites/UI/delete+remove+trash+trash+bin+trash+can+icon-1320073117929397588.png
  artifactKey: Guid(b7384d21d4fade647a6f64deadc71707) Importer(815301076,1909f56bfc062723c751e8b465ee728b)
Start importing Assets/Sprites/UI/delete+remove+trash+trash+bin+trash+can+icon-1320073117929397588.png using Guid(b7384d21d4fade647a6f64deadc71707) Importer(815301076,1909f56bfc062723c751e8b465ee728b)  -> (artifact id: '9d0becf52fe85fcb6226e14abd06de76') in 0.018052 seconds 
========================================================================
Received Import Request.
  Time since last request: 265.825133 seconds.
  path: Assets/Scenes/SampleScene.unity
  artifactKey: Guid(2cda990e2423bbf4892e6590ba056729) Importer(815301076,1909f56bfc062723c751e8b465ee728b)
Start importing Assets/Scenes/SampleScene.unity using Guid(2cda990e2423bbf4892e6590ba056729) Importer(815301076,1909f56bfc062723c751e8b465ee728b)  -> (artifact id: 'e52aaf30c6db6e793d4b9b980ee17d9a') in 0.006830 seconds 
========================================================================
Received Import Request.
  Time since last request: 3.948078 seconds.
  path: Assets/Scenes/Main.unity
  artifactKey: Guid(2cda990e2423bbf4892e6590ba056729) Importer(815301076,1909f56bfc062723c751e8b465ee728b)
Start importing Assets/Scenes/Main.unity using Guid(2cda990e2423bbf4892e6590ba056729) Importer(815301076,1909f56bfc062723c751e8b465ee728b)  -> (artifact id: '5a8a96a27042871152885e9bb34e22c2') in 0.006452 seconds 
========================================================================
Received Import Request.
  Time since last request: 545.785288 seconds.
  path: Assets/Sprites/UI/Master.mixer
  artifactKey: Guid(d57c3e4367aa11b4eaf6ae741d3e96e5) Importer(815301076,1909f56bfc062723c751e8b465ee728b)
Start importing Assets/Sprites/UI/Master.mixer using Guid(d57c3e4367aa11b4eaf6ae741d3e96e5) Importer(815301076,1909f56bfc062723c751e8b465ee728b)  -> (artifact id: 'ffd0ecb2de622719d9fb079a93dabd2d') in 0.027660 seconds 
========================================================================
Received Import Request.
  Time since last request: 5.447476 seconds.
  path: Assets/Sprites/UI/Master.mixer
  artifactKey: Guid(d57c3e4367aa11b4eaf6ae741d3e96e5) Importer(815301076,1909f56bfc062723c751e8b465ee728b)
Start importing Assets/Sprites/UI/Master.mixer using Guid(d57c3e4367aa11b4eaf6ae741d3e96e5) Importer(815301076,1909f56bfc062723c751e8b465ee728b)  -> (artifact id: 'af8363b9f5ccb1de8b44919a928ca0a9') in 0.003010 seconds 
========================================================================
Received Import Request.
  Time since last request: 3.899465 seconds.
  path: Assets/Sprites/UI/Master.mixer
  artifactKey: Guid(d57c3e4367aa11b4eaf6ae741d3e96e5) Importer(815301076,1909f56bfc062723c751e8b465ee728b)
Start importing Assets/Sprites/UI/Master.mixer using Guid(d57c3e4367aa11b4eaf6ae741d3e96e5) Importer(815301076,1909f56bfc062723c751e8b465ee728b)  -> (artifact id: '11dd89d9f6ff6dc6f675d50f5a73a1a9') in 0.003064 seconds 
========================================================================
Received Import Request.
  Time since last request: 9.180556 seconds.
  path: Assets/Sprites/UI/Master.mixer
  artifactKey: Guid(d57c3e4367aa11b4eaf6ae741d3e96e5) Importer(815301076,1909f56bfc062723c751e8b465ee728b)
Start importing Assets/Sprites/UI/Master.mixer using Guid(d57c3e4367aa11b4eaf6ae741d3e96e5) Importer(815301076,1909f56bfc062723c751e8b465ee728b)  -> (artifact id: '07bc38fd76f2045dbcacf4c63fe7652a') in 0.003174 seconds 
========================================================================
Received Import Request.
  Time since last request: 11.352330 seconds.
  path: Assets/Sprites/UI/Master.mixer
  artifactKey: Guid(d57c3e4367aa11b4eaf6ae741d3e96e5) Importer(815301076,1909f56bfc062723c751e8b465ee728b)
Start importing Assets/Sprites/UI/Master.mixer using Guid(d57c3e4367aa11b4eaf6ae741d3e96e5) Importer(815301076,1909f56bfc062723c751e8b465ee728b)  -> (artifact id: 'd187f77bda5bb98a0e9fc1d946fa67b8') in 0.002976 seconds 
========================================================================
Received Import Request.
  Time since last request: 0.679891 seconds.
  path: Assets/Sprites/UI/Master.mixer
  artifactKey: Guid(d57c3e4367aa11b4eaf6ae741d3e96e5) Importer(815301076,1909f56bfc062723c751e8b465ee728b)
Start importing Assets/Sprites/UI/Master.mixer using Guid(d57c3e4367aa11b4eaf6ae741d3e96e5) Importer(815301076,1909f56bfc062723c751e8b465ee728b)  -> (artifact id: '182fee6499886129152c0db27b6f5442') in 0.003263 seconds 
========================================================================
Received Import Request.
  Time since last request: 2697.636482 seconds.
  path: Assets/Sprites/UI/51338.png
  artifactKey: Guid(beb7bffb13bb2a341933544ee8712987) Importer(815301076,1909f56bfc062723c751e8b465ee728b)
Start importing Assets/Sprites/UI/51338.png using Guid(beb7bffb13bb2a341933544ee8712987) Importer(815301076,1909f56bfc062723c751e8b465ee728b)  -> (artifact id: '930370f2a22c4abb5e1fa7aa65392c67') in 0.032579 seconds 
========================================================================
Received Prepare
Registering precompiled user dll's ...
Registered in 0.004309 seconds.
Begin MonoManager ReloadAssembly
Symbol file LoadedFromMemory doesn't match image F:\projects\SlotMachine\Library\PackageCache\com.unity.visualscripting@1.6.1\Editor\VisualScripting.Core\Dependencies\YamlDotNet\Unity.VisualScripting.YamlDotNet.dll
Symbol file LoadedFromMemory doesn't match image F:\projects\SlotMachine\Library\PackageCache\com.unity.visualscripting@1.6.1\Editor\VisualScripting.Core\Dependencies\DotNetZip\Unity.VisualScripting.IonicZip.dll
Native extension for WindowsStandalone target not found
Native extension for OSXStandalone target not found
Native extension for WebGL target not found
Refreshing native plugins compatible for Editor in 0.71 ms, found 2 plugins.
Preloading 0 native plugins for Editor in 0.00 ms.
Mono: successfully reloaded assembly
- Completed reload, in  1.001 seconds
Platform modules already initialized, skipping
Refreshing native plugins compatible for Editor in 0.69 ms, found 2 plugins.
Preloading 0 native plugins for Editor in 0.00 ms.
Unloading 3399 Unused Serialized files (Serialized files now loaded: 0)
System memory in use before: 150.1 MB.
System memory in use after: 149.5 MB.

Unloading 31 unused Assets to reduce memory usage. Loaded Objects now: 4021.
Total: 2.860900 ms (FindLiveObjects: 0.505800 ms CreateObjectMapping: 0.165900 ms MarkObjects: 1.863200 ms  DeleteObjects: 0.324700 ms)

========================================================================
Received Import Request.
  Time since last request: 3342.674169 seconds.
  path: Assets/Scripts/UI
  artifactKey: Guid(8eccf96c67d1523418061eec0a07aca2) Importer(815301076,1909f56bfc062723c751e8b465ee728b)
Start importing Assets/Scripts/UI using Guid(8eccf96c67d1523418061eec0a07aca2) Importer(815301076,1909f56bfc062723c751e8b465ee728b)  -> (artifact id: '182cd4870ec0f66869fe7e6e5b556328') in 0.006650 seconds 
========================================================================
Received Import Request.
  Time since last request: 2.341103 seconds.
  path: Assets/Scripts/Core
  artifactKey: Guid(7cdd7cbdf0dff1341a89c223f0aef456) Importer(815301076,1909f56bfc062723c751e8b465ee728b)
Start importing Assets/Scripts/Core using Guid(7cdd7cbdf0dff1341a89c223f0aef456) Importer(815301076,1909f56bfc062723c751e8b465ee728b)  -> (artifact id: 'ff21df1128e7c88287db7b94a06675f4') in 0.005985 seconds 
========================================================================
Received Import Request.
  Time since last request: 4.695847 seconds.
  path: Assets/Scripts/Sound
  artifactKey: Guid(ad9617b87bdea8b47aa95a6687fd03bd) Importer(815301076,1909f56bfc062723c751e8b465ee728b)
Start importing Assets/Scripts/Sound using Guid(ad9617b87bdea8b47aa95a6687fd03bd) Importer(815301076,1909f56bfc062723c751e8b465ee728b)  -> (artifact id: '58956604c999428c6606864cfe512aa8') in 0.006061 seconds 
========================================================================
Received Prepare
Registering precompiled user dll's ...
Registered in 0.004021 seconds.
Begin MonoManager ReloadAssembly
Symbol file LoadedFromMemory doesn't match image F:\projects\SlotMachine\Library\PackageCache\com.unity.visualscripting@1.6.1\Editor\VisualScripting.Core\Dependencies\YamlDotNet\Unity.VisualScripting.YamlDotNet.dll
Symbol file LoadedFromMemory doesn't match image F:\projects\SlotMachine\Library\PackageCache\com.unity.visualscripting@1.6.1\Editor\VisualScripting.Core\Dependencies\DotNetZip\Unity.VisualScripting.IonicZip.dll
Native extension for WindowsStandalone target not found
Native extension for OSXStandalone target not found
Native extension for WebGL target not found
Refreshing native plugins compatible for Editor in 0.80 ms, found 2 plugins.
Preloading 0 native plugins for Editor in 0.00 ms.
Mono: successfully reloaded assembly
- Completed reload, in  0.890 seconds
Platform modules already initialized, skipping
Refreshing native plugins compatible for Editor in 0.71 ms, found 2 plugins.
Preloading 0 native plugins for Editor in 0.00 ms.
Unloading 3390 Unused Serialized files (Serialized files now loaded: 0)
System memory in use before: 149.7 MB.
System memory in use after: 149.2 MB.

Unloading 31 unused Assets to reduce memory usage. Loaded Objects now: 4025.
Total: 2.611600 ms (FindLiveObjects: 0.348000 ms CreateObjectMapping: 0.082600 ms MarkObjects: 1.872500 ms  DeleteObjects: 0.307400 ms)

========================================================================
Received Prepare
Registering precompiled user dll's ...
Registered in 0.004104 seconds.
Begin MonoManager ReloadAssembly
Symbol file LoadedFromMemory doesn't match image F:\projects\SlotMachine\Library\PackageCache\com.unity.visualscripting@1.6.1\Editor\VisualScripting.Core\Dependencies\YamlDotNet\Unity.VisualScripting.YamlDotNet.dll
Symbol file LoadedFromMemory doesn't match image F:\projects\SlotMachine\Library\PackageCache\com.unity.visualscripting@1.6.1\Editor\VisualScripting.Core\Dependencies\DotNetZip\Unity.VisualScripting.IonicZip.dll
Native extension for WindowsStandalone target not found
Native extension for OSXStandalone target not found
Native extension for WebGL target not found
Refreshing native plugins compatible for Editor in 0.71 ms, found 2 plugins.
Preloading 0 native plugins for Editor in 0.00 ms.
Mono: successfully reloaded assembly
- Completed reload, in  0.903 seconds
Platform modules already initialized, skipping
Refreshing native plugins compatible for Editor in 0.67 ms, found 2 plugins.
Preloading 0 native plugins for Editor in 0.00 ms.
Unloading 3390 Unused Serialized files (Serialized files now loaded: 0)
System memory in use before: 149.8 MB.
System memory in use after: 149.2 MB.

Unloading 31 unused Assets to reduce memory usage. Loaded Objects now: 4029.
Total: 2.517100 ms (FindLiveObjects: 0.289800 ms CreateObjectMapping: 0.079100 ms MarkObjects: 1.841700 ms  DeleteObjects: 0.305500 ms)

========================================================================
Received Import Request.
  Time since last request: 119.399615 seconds.
  path: Assets/Scripts/Core/PrefsChanger.cs
  artifactKey: Guid(24cfb31a9b270ff47adad5ba1a18bade) Importer(815301076,1909f56bfc062723c751e8b465ee728b)
Start importing Assets/Scripts/Core/PrefsChanger.cs using Guid(24cfb31a9b270ff47adad5ba1a18bade) Importer(815301076,1909f56bfc062723c751e8b465ee728b)  -> (artifact id: '0b8d0e25a7e480fe04c3b4adb8829926') in 0.009805 seconds 
========================================================================
Received Prepare
Registering precompiled user dll's ...
Registered in 0.004206 seconds.
Begin MonoManager ReloadAssembly
Symbol file LoadedFromMemory doesn't match image F:\projects\SlotMachine\Library\PackageCache\com.unity.visualscripting@1.6.1\Editor\VisualScripting.Core\Dependencies\YamlDotNet\Unity.VisualScripting.YamlDotNet.dll
Symbol file LoadedFromMemory doesn't match image F:\projects\SlotMachine\Library\PackageCache\com.unity.visualscripting@1.6.1\Editor\VisualScripting.Core\Dependencies\DotNetZip\Unity.VisualScripting.IonicZip.dll
Native extension for WindowsStandalone target not found
Native extension for OSXStandalone target not found
Native extension for WebGL target not found
Refreshing native plugins compatible for Editor in 0.71 ms, found 2 plugins.
Preloading 0 native plugins for Editor in 0.00 ms.
Mono: successfully reloaded assembly
- Completed reload, in  0.875 seconds
Platform modules already initialized, skipping
Refreshing native plugins compatible for Editor in 0.69 ms, found 2 plugins.
Preloading 0 native plugins for Editor in 0.00 ms.
Unloading 3390 Unused Serialized files (Serialized files now loaded: 0)
System memory in use before: 149.8 MB.
System memory in use after: 149.2 MB.

Unloading 31 unused Assets to reduce memory usage. Loaded Objects now: 4033.
Total: 2.537100 ms (FindLiveObjects: 0.308000 ms CreateObjectMapping: 0.080500 ms MarkObjects: 1.840700 ms  DeleteObjects: 0.306800 ms)

========================================================================
Received Import Request.
  Time since last request: 639.215639 seconds.
  path: Assets/Scripts/Core/PrefsChanger.cs
  artifactKey: Guid(24cfb31a9b270ff47adad5ba1a18bade) Importer(815301076,1909f56bfc062723c751e8b465ee728b)
Start importing Assets/Scripts/Core/PrefsChanger.cs using Guid(24cfb31a9b270ff47adad5ba1a18bade) Importer(815301076,1909f56bfc062723c751e8b465ee728b)  -> (artifact id: '0cc87ea3c9ef63aa2f69d0ce38df8f6b') in 0.006339 seconds 
========================================================================
Received Import Request.
  Time since last request: 214.834834 seconds.
  path: Assets/Scripts/UI/AudioMixer.cs
  artifactKey: Guid(62cfec90a4557fb49a03870f4fbace06) Importer(815301076,1909f56bfc062723c751e8b465ee728b)
Start importing Assets/Scripts/UI/AudioMixer.cs using Guid(62cfec90a4557fb49a03870f4fbace06) Importer(815301076,1909f56bfc062723c751e8b465ee728b)  -> (artifact id: 'ccb84f0292a48870d6372338c622dcf8') in 0.007252 seconds 
========================================================================
Received Prepare
Registering precompiled user dll's ...
Registered in 0.004054 seconds.
Begin MonoManager ReloadAssembly
Symbol file LoadedFromMemory doesn't match image F:\projects\SlotMachine\Library\PackageCache\com.unity.visualscripting@1.6.1\Editor\VisualScripting.Core\Dependencies\YamlDotNet\Unity.VisualScripting.YamlDotNet.dll
Symbol file LoadedFromMemory doesn't match image F:\projects\SlotMachine\Library\PackageCache\com.unity.visualscripting@1.6.1\Editor\VisualScripting.Core\Dependencies\DotNetZip\Unity.VisualScripting.IonicZip.dll
Native extension for WindowsStandalone target not found
Native extension for OSXStandalone target not found
Native extension for WebGL target not found
Refreshing native plugins compatible for Editor in 0.70 ms, found 2 plugins.
Preloading 0 native plugins for Editor in 0.00 ms.
Mono: successfully reloaded assembly
- Completed reload, in  0.857 seconds
Platform modules already initialized, skipping
Refreshing native plugins compatible for Editor in 0.81 ms, found 2 plugins.
Preloading 0 native plugins for Editor in 0.00 ms.
Unloading 3391 Unused Serialized files (Serialized files now loaded: 0)
System memory in use before: 149.8 MB.
System memory in use after: 149.3 MB.

Unloading 31 unused Assets to reduce memory usage. Loaded Objects now: 4038.
Total: 2.836100 ms (FindLiveObjects: 0.332000 ms CreateObjectMapping: 0.082200 ms MarkObjects: 2.097800 ms  DeleteObjects: 0.322900 ms)

========================================================================
Received Import Request.
  Time since last request: 310.674685 seconds.
  path: Assets/Scripts/UI/AudioMixer.cs
  artifactKey: Guid(62cfec90a4557fb49a03870f4fbace06) Importer(815301076,1909f56bfc062723c751e8b465ee728b)
Start importing Assets/Scripts/UI/AudioMixer.cs using Guid(62cfec90a4557fb49a03870f4fbace06) Importer(815301076,1909f56bfc062723c751e8b465ee728b)  -> (artifact id: '3a2816c44c55e3f91d5d9e50bf8c5059') in 0.008050 seconds 
========================================================================
Received Import Request.
  Time since last request: 595.109824 seconds.
  path: Assets/Sprites/UI/Master.mixer
  artifactKey: Guid(d57c3e4367aa11b4eaf6ae741d3e96e5) Importer(815301076,1909f56bfc062723c751e8b465ee728b)
Start importing Assets/Sprites/UI/Master.mixer using Guid(d57c3e4367aa11b4eaf6ae741d3e96e5) Importer(815301076,1909f56bfc062723c751e8b465ee728b)  -> (artifact id: '3dc5eff44d4b0d052ea0097bfcd5408c') in 0.013125 seconds 
========================================================================
Received Import Request.
  Time since last request: 6.078803 seconds.
  path: Assets/Sprites/UI/Master.mixer
  artifactKey: Guid(d57c3e4367aa11b4eaf6ae741d3e96e5) Importer(815301076,1909f56bfc062723c751e8b465ee728b)
Start importing Assets/Sprites/UI/Master.mixer using Guid(d57c3e4367aa11b4eaf6ae741d3e96e5) Importer(815301076,1909f56bfc062723c751e8b465ee728b)  -> (artifact id: 'fbf4f9695d83c2afd8594ee08851c66e') in 0.004181 seconds 
========================================================================
Received Prepare
Registering precompiled user dll's ...
Registered in 0.004277 seconds.
Begin MonoManager ReloadAssembly
Symbol file LoadedFromMemory doesn't match image F:\projects\SlotMachine\Library\PackageCache\com.unity.visualscripting@1.6.1\Editor\VisualScripting.Core\Dependencies\YamlDotNet\Unity.VisualScripting.YamlDotNet.dll
Symbol file LoadedFromMemory doesn't match image F:\projects\SlotMachine\Library\PackageCache\com.unity.visualscripting@1.6.1\Editor\VisualScripting.Core\Dependencies\DotNetZip\Unity.VisualScripting.IonicZip.dll
Native extension for WindowsStandalone target not found
Native extension for OSXStandalone target not found
Native extension for WebGL target not found
Refreshing native plugins compatible for Editor in 1.14 ms, found 2 plugins.
Preloading 0 native plugins for Editor in 0.00 ms.
Mono: successfully reloaded assembly
- Completed reload, in  0.907 seconds
Platform modules already initialized, skipping
Refreshing native plugins compatible for Editor in 0.66 ms, found 2 plugins.
Preloading 0 native plugins for Editor in 0.00 ms.
Unloading 3391 Unused Serialized files (Serialized files now loaded: 0)
System memory in use before: 150.4 MB.
System memory in use after: 149.8 MB.

Unloading 31 unused Assets to reduce memory usage. Loaded Objects now: 4042.
Total: 2.602900 ms (FindLiveObjects: 0.320900 ms CreateObjectMapping: 0.093500 ms MarkObjects: 1.900800 ms  DeleteObjects: 0.286900 ms)

========================================================================
Received Prepare
Registering precompiled user dll's ...
Registered in 0.004359 seconds.
Begin MonoManager ReloadAssembly
Symbol file LoadedFromMemory doesn't match image F:\projects\SlotMachine\Library\PackageCache\com.unity.visualscripting@1.6.1\Editor\VisualScripting.Core\Dependencies\YamlDotNet\Unity.VisualScripting.YamlDotNet.dll
Symbol file LoadedFromMemory doesn't match image F:\projects\SlotMachine\Library\PackageCache\com.unity.visualscripting@1.6.1\Editor\VisualScripting.Core\Dependencies\DotNetZip\Unity.VisualScripting.IonicZip.dll
Native extension for WindowsStandalone target not found
Native extension for OSXStandalone target not found
Native extension for WebGL target not found
Refreshing native plugins compatible for Editor in 0.73 ms, found 2 plugins.
Preloading 0 native plugins for Editor in 0.00 ms.
Mono: successfully reloaded assembly
- Completed reload, in  0.868 seconds
Platform modules already initialized, skipping
Refreshing native plugins compatible for Editor in 0.69 ms, found 2 plugins.
Preloading 0 native plugins for Editor in 0.00 ms.
Unloading 3391 Unused Serialized files (Serialized files now loaded: 0)
System memory in use before: 150.4 MB.
System memory in use after: 149.8 MB.

Unloading 31 unused Assets to reduce memory usage. Loaded Objects now: 4046.
Total: 2.916400 ms (FindLiveObjects: 0.390700 ms CreateObjectMapping: 0.086700 ms MarkObjects: 2.101500 ms  DeleteObjects: 0.336600 ms)

========================================================================
Received Prepare
Registering precompiled user dll's ...
Registered in 0.003850 seconds.
Begin MonoManager ReloadAssembly
Symbol file LoadedFromMemory doesn't match image F:\projects\SlotMachine\Library\PackageCache\com.unity.visualscripting@1.6.1\Editor\VisualScripting.Core\Dependencies\YamlDotNet\Unity.VisualScripting.YamlDotNet.dll
Symbol file LoadedFromMemory doesn't match image F:\projects\SlotMachine\Library\PackageCache\com.unity.visualscripting@1.6.1\Editor\VisualScripting.Core\Dependencies\DotNetZip\Unity.VisualScripting.IonicZip.dll
Native extension for WindowsStandalone target not found
Native extension for OSXStandalone target not found
Native extension for WebGL target not found
Refreshing native plugins compatible for Editor in 0.82 ms, found 2 plugins.
Preloading 0 native plugins for Editor in 0.00 ms.
Mono: successfully reloaded assembly
- Completed reload, in  0.861 seconds
Platform modules already initialized, skipping
Refreshing native plugins compatible for Editor in 0.67 ms, found 2 plugins.
Preloading 0 native plugins for Editor in 0.00 ms.
Unloading 3391 Unused Serialized files (Serialized files now loaded: 0)
System memory in use before: 150.4 MB.
System memory in use after: 149.8 MB.

Unloading 31 unused Assets to reduce memory usage. Loaded Objects now: 4050.
Total: 2.525400 ms (FindLiveObjects: 0.304100 ms CreateObjectMapping: 0.079900 ms MarkObjects: 1.842200 ms  DeleteObjects: 0.298200 ms)

========================================================================
Received Prepare
Registering precompiled user dll's ...
Registered in 0.004344 seconds.
Begin MonoManager ReloadAssembly
Symbol file LoadedFromMemory doesn't match image F:\projects\SlotMachine\Library\PackageCache\com.unity.visualscripting@1.6.1\Editor\VisualScripting.Core\Dependencies\YamlDotNet\Unity.VisualScripting.YamlDotNet.dll
Symbol file LoadedFromMemory doesn't match image F:\projects\SlotMachine\Library\PackageCache\com.unity.visualscripting@1.6.1\Editor\VisualScripting.Core\Dependencies\DotNetZip\Unity.VisualScripting.IonicZip.dll
Native extension for WindowsStandalone target not found
Native extension for OSXStandalone target not found
Native extension for WebGL target not found
Refreshing native plugins compatible for Editor in 1.12 ms, found 2 plugins.
Preloading 0 native plugins for Editor in 0.00 ms.
Mono: successfully reloaded assembly
- Completed reload, in  0.895 seconds
Platform modules already initialized, skipping
Refreshing native plugins compatible for Editor in 0.68 ms, found 2 plugins.
Preloading 0 native plugins for Editor in 0.00 ms.
Unloading 3391 Unused Serialized files (Serialized files now loaded: 0)
System memory in use before: 150.4 MB.
System memory in use after: 149.9 MB.

Unloading 31 unused Assets to reduce memory usage. Loaded Objects now: 4054.
Total: 2.748500 ms (FindLiveObjects: 0.356200 ms CreateObjectMapping: 0.081200 ms MarkObjects: 1.988800 ms  DeleteObjects: 0.321200 ms)

========================================================================
Received Prepare
Registering precompiled user dll's ...
Registered in 0.004275 seconds.
Begin MonoManager ReloadAssembly
Symbol file LoadedFromMemory doesn't match image F:\projects\SlotMachine\Library\PackageCache\com.unity.visualscripting@1.6.1\Editor\VisualScripting.Core\Dependencies\YamlDotNet\Unity.VisualScripting.YamlDotNet.dll
Symbol file LoadedFromMemory doesn't match image F:\projects\SlotMachine\Library\PackageCache\com.unity.visualscripting@1.6.1\Editor\VisualScripting.Core\Dependencies\DotNetZip\Unity.VisualScripting.IonicZip.dll
Native extension for WindowsStandalone target not found
Native extension for OSXStandalone target not found
Native extension for WebGL target not found
Refreshing native plugins compatible for Editor in 0.78 ms, found 2 plugins.
Preloading 0 native plugins for Editor in 0.00 ms.
Mono: successfully reloaded assembly
- Completed reload, in  0.921 seconds
Platform modules already initialized, skipping
Refreshing native plugins compatible for Editor in 0.72 ms, found 2 plugins.
Preloading 0 native plugins for Editor in 0.00 ms.
Unloading 3391 Unused Serialized files (Serialized files now loaded: 0)
System memory in use before: 150.4 MB.
System memory in use after: 149.9 MB.

Unloading 31 unused Assets to reduce memory usage. Loaded Objects now: 4058.
Total: 2.685800 ms (FindLiveObjects: 0.339300 ms CreateObjectMapping: 0.083200 ms MarkObjects: 1.925500 ms  DeleteObjects: 0.336800 ms)

========================================================================
Received Prepare
Registering precompiled user dll's ...
Registered in 0.003907 seconds.
Begin MonoManager ReloadAssembly
Symbol file LoadedFromMemory doesn't match image F:\projects\SlotMachine\Library\PackageCache\com.unity.visualscripting@1.6.1\Editor\VisualScripting.Core\Dependencies\YamlDotNet\Unity.VisualScripting.YamlDotNet.dll
Symbol file LoadedFromMemory doesn't match image F:\projects\SlotMachine\Library\PackageCache\com.unity.visualscripting@1.6.1\Editor\VisualScripting.Core\Dependencies\DotNetZip\Unity.VisualScripting.IonicZip.dll
Native extension for WindowsStandalone target not found
Native extension for OSXStandalone target not found
Native extension for WebGL target not found
Refreshing native plugins compatible for Editor in 0.85 ms, found 2 plugins.
Preloading 0 native plugins for Editor in 0.00 ms.
Mono: successfully reloaded assembly
- Completed reload, in  0.861 seconds
Platform modules already initialized, skipping
Refreshing native plugins compatible for Editor in 0.64 ms, found 2 plugins.
Preloading 0 native plugins for Editor in 0.00 ms.
Unloading 3391 Unused Serialized files (Serialized files now loaded: 0)
System memory in use before: 150.4 MB.
System memory in use after: 149.9 MB.

Unloading 31 unused Assets to reduce memory usage. Loaded Objects now: 4062.
Total: 2.862200 ms (FindLiveObjects: 0.331400 ms CreateObjectMapping: 0.085800 ms MarkObjects: 2.131700 ms  DeleteObjects: 0.311900 ms)

========================================================================
Received Prepare
Registering precompiled user dll's ...
Registered in 0.004340 seconds.
Begin MonoManager ReloadAssembly
Symbol file LoadedFromMemory doesn't match image F:\projects\SlotMachine\Library\PackageCache\com.unity.visualscripting@1.6.1\Editor\VisualScripting.Core\Dependencies\YamlDotNet\Unity.VisualScripting.YamlDotNet.dll
Symbol file LoadedFromMemory doesn't match image F:\projects\SlotMachine\Library\PackageCache\com.unity.visualscripting@1.6.1\Editor\VisualScripting.Core\Dependencies\DotNetZip\Unity.VisualScripting.IonicZip.dll
Native extension for WindowsStandalone target not found
Native extension for OSXStandalone target not found
Native extension for WebGL target not found
Refreshing native plugins compatible for Editor in 0.72 ms, found 2 plugins.
Preloading 0 native plugins for Editor in 0.00 ms.
Mono: successfully reloaded assembly
- Completed reload, in  0.854 seconds
Platform modules already initialized, skipping
Refreshing native plugins compatible for Editor in 0.70 ms, found 2 plugins.
Preloading 0 native plugins for Editor in 0.00 ms.
Unloading 3391 Unused Serialized files (Serialized files now loaded: 0)
System memory in use before: 150.4 MB.
System memory in use after: 149.9 MB.

Unloading 31 unused Assets to reduce memory usage. Loaded Objects now: 4066.
Total: 2.606500 ms (FindLiveObjects: 0.333000 ms CreateObjectMapping: 0.080600 ms MarkObjects: 1.868400 ms  DeleteObjects: 0.323600 ms)

========================================================================
Received Prepare
Registering precompiled user dll's ...
Registered in 0.003808 seconds.
Begin MonoManager ReloadAssembly
Symbol file LoadedFromMemory doesn't match image F:\projects\SlotMachine\Library\PackageCache\com.unity.visualscripting@1.6.1\Editor\VisualScripting.Core\Dependencies\YamlDotNet\Unity.VisualScripting.YamlDotNet.dll
Symbol file LoadedFromMemory doesn't match image F:\projects\SlotMachine\Library\PackageCache\com.unity.visualscripting@1.6.1\Editor\VisualScripting.Core\Dependencies\DotNetZip\Unity.VisualScripting.IonicZip.dll
Native extension for WindowsStandalone target not found
Native extension for OSXStandalone target not found
Native extension for WebGL target not found
Refreshing native plugins compatible for Editor in 0.70 ms, found 2 plugins.
Preloading 0 native plugins for Editor in 0.00 ms.
Mono: successfully reloaded assembly
- Completed reload, in  0.861 seconds
Platform modules already initialized, skipping
Refreshing native plugins compatible for Editor in 0.68 ms, found 2 plugins.
Preloading 0 native plugins for Editor in 0.00 ms.
Unloading 3391 Unused Serialized files (Serialized files now loaded: 0)
System memory in use before: 150.4 MB.
System memory in use after: 149.9 MB.

Unloading 31 unused Assets to reduce memory usage. Loaded Objects now: 4070.
Total: 3.077100 ms (FindLiveObjects: 0.300500 ms CreateObjectMapping: 0.085100 ms MarkObjects: 2.371100 ms  DeleteObjects: 0.319300 ms)

========================================================================
Received Prepare
Registering precompiled user dll's ...
Registered in 0.004418 seconds.
Begin MonoManager ReloadAssembly
Symbol file LoadedFromMemory doesn't match image F:\projects\SlotMachine\Library\PackageCache\com.unity.visualscripting@1.6.1\Editor\VisualScripting.Core\Dependencies\YamlDotNet\Unity.VisualScripting.YamlDotNet.dll
Symbol file LoadedFromMemory doesn't match image F:\projects\SlotMachine\Library\PackageCache\com.unity.visualscripting@1.6.1\Editor\VisualScripting.Core\Dependencies\DotNetZip\Unity.VisualScripting.IonicZip.dll
Native extension for WindowsStandalone target not found
Native extension for OSXStandalone target not found
Native extension for WebGL target not found
Refreshing native plugins compatible for Editor in 0.72 ms, found 2 plugins.
Preloading 0 native plugins for Editor in 0.00 ms.
Mono: successfully reloaded assembly
- Completed reload, in  0.855 seconds
Platform modules already initialized, skipping
Refreshing native plugins compatible for Editor in 0.64 ms, found 2 plugins.
Preloading 0 native plugins for Editor in 0.00 ms.
Unloading 3391 Unused Serialized files (Serialized files now loaded: 0)
System memory in use before: 150.5 MB.
System memory in use after: 150.0 MB.

Unloading 31 unused Assets to reduce memory usage. Loaded Objects now: 4074.
Total: 2.617700 ms (FindLiveObjects: 0.311000 ms CreateObjectMapping: 0.081900 ms MarkObjects: 1.895900 ms  DeleteObjects: 0.327700 ms)

========================================================================
Received Prepare
Registering precompiled user dll's ...
Registered in 0.004520 seconds.
Begin MonoManager ReloadAssembly
Symbol file LoadedFromMemory doesn't match image F:\projects\SlotMachine\Library\PackageCache\com.unity.visualscripting@1.6.1\Editor\VisualScripting.Core\Dependencies\YamlDotNet\Unity.VisualScripting.YamlDotNet.dll
Symbol file LoadedFromMemory doesn't match image F:\projects\SlotMachine\Library\PackageCache\com.unity.visualscripting@1.6.1\Editor\VisualScripting.Core\Dependencies\DotNetZip\Unity.VisualScripting.IonicZip.dll
Native extension for WindowsStandalone target not found
Native extension for OSXStandalone target not found
Native extension for WebGL target not found
Refreshing native plugins compatible for Editor in 1.05 ms, found 2 plugins.
Preloading 0 native plugins for Editor in 0.00 ms.
Mono: successfully reloaded assembly
- Completed reload, in  0.903 seconds
Platform modules already initialized, skipping
Refreshing native plugins compatible for Editor in 0.73 ms, found 2 plugins.
Preloading 0 native plugins for Editor in 0.00 ms.
Unloading 3391 Unused Serialized files (Serialized files now loaded: 0)
System memory in use before: 150.5 MB.
System memory in use after: 150.0 MB.

Unloading 31 unused Assets to reduce memory usage. Loaded Objects now: 4078.
Total: 2.799700 ms (FindLiveObjects: 0.361100 ms CreateObjectMapping: 0.086100 ms MarkObjects: 2.021500 ms  DeleteObjects: 0.329700 ms)

========================================================================
Received Prepare
Registering precompiled user dll's ...
Registered in 0.003928 seconds.
Begin MonoManager ReloadAssembly
Symbol file LoadedFromMemory doesn't match image F:\projects\SlotMachine\Library\PackageCache\com.unity.visualscripting@1.6.1\Editor\VisualScripting.Core\Dependencies\YamlDotNet\Unity.VisualScripting.YamlDotNet.dll
Symbol file LoadedFromMemory doesn't match image F:\projects\SlotMachine\Library\PackageCache\com.unity.visualscripting@1.6.1\Editor\VisualScripting.Core\Dependencies\DotNetZip\Unity.VisualScripting.IonicZip.dll
Native extension for WindowsStandalone target not found
Native extension for OSXStandalone target not found
Native extension for WebGL target not found
Refreshing native plugins compatible for Editor in 0.71 ms, found 2 plugins.
Preloading 0 native plugins for Editor in 0.00 ms.
Mono: successfully reloaded assembly
- Completed reload, in  0.858 seconds
Platform modules already initialized, skipping
Refreshing native plugins compatible for Editor in 0.73 ms, found 2 plugins.
Preloading 0 native plugins for Editor in 0.00 ms.
Unloading 3391 Unused Serialized files (Serialized files now loaded: 0)
System memory in use before: 150.5 MB.
System memory in use after: 150.0 MB.

Unloading 31 unused Assets to reduce memory usage. Loaded Objects now: 4082.
Total: 2.648900 ms (FindLiveObjects: 0.357400 ms CreateObjectMapping: 0.084200 ms MarkObjects: 1.887900 ms  DeleteObjects: 0.318500 ms)

========================================================================
Received Prepare
Registering precompiled user dll's ...
Registered in 0.004536 seconds.
Begin MonoManager ReloadAssembly
Symbol file LoadedFromMemory doesn't match image F:\projects\SlotMachine\Library\PackageCache\com.unity.visualscripting@1.6.1\Editor\VisualScripting.Core\Dependencies\YamlDotNet\Unity.VisualScripting.YamlDotNet.dll
Symbol file LoadedFromMemory doesn't match image F:\projects\SlotMachine\Library\PackageCache\com.unity.visualscripting@1.6.1\Editor\VisualScripting.Core\Dependencies\DotNetZip\Unity.VisualScripting.IonicZip.dll
Native extension for WindowsStandalone target not found
Native extension for OSXStandalone target not found
Native extension for WebGL target not found
Refreshing native plugins compatible for Editor in 0.78 ms, found 2 plugins.
Preloading 0 native plugins for Editor in 0.00 ms.
Mono: successfully reloaded assembly
- Completed reload, in  0.872 seconds
Platform modules already initialized, skipping
Refreshing native plugins compatible for Editor in 0.70 ms, found 2 plugins.
Preloading 0 native plugins for Editor in 0.00 ms.
Unloading 3391 Unused Serialized files (Serialized files now loaded: 0)
System memory in use before: 150.5 MB.
System memory in use after: 150.0 MB.

Unloading 31 unused Assets to reduce memory usage. Loaded Objects now: 4086.
Total: 2.540200 ms (FindLiveObjects: 0.301400 ms CreateObjectMapping: 0.080100 ms MarkObjects: 1.857300 ms  DeleteObjects: 0.300600 ms)

========================================================================
Received Prepare
Registering precompiled user dll's ...
Registered in 0.004242 seconds.
Begin MonoManager ReloadAssembly
Symbol file LoadedFromMemory doesn't match image F:\projects\SlotMachine\Library\PackageCache\com.unity.visualscripting@1.6.1\Editor\VisualScripting.Core\Dependencies\YamlDotNet\Unity.VisualScripting.YamlDotNet.dll
Symbol file LoadedFromMemory doesn't match image F:\projects\SlotMachine\Library\PackageCache\com.unity.visualscripting@1.6.1\Editor\VisualScripting.Core\Dependencies\DotNetZip\Unity.VisualScripting.IonicZip.dll
Native extension for WindowsStandalone target not found
Native extension for OSXStandalone target not found
Native extension for WebGL target not found
Refreshing native plugins compatible for Editor in 0.91 ms, found 2 plugins.
Preloading 0 native plugins for Editor in 0.00 ms.
Mono: successfully reloaded assembly
- Completed reload, in  0.869 seconds
Platform modules already initialized, skipping
Refreshing native plugins compatible for Editor in 0.65 ms, found 2 plugins.
Preloading 0 native plugins for Editor in 0.00 ms.
Unloading 3391 Unused Serialized files (Serialized files now loaded: 0)
System memory in use before: 150.5 MB.
System memory in use after: 150.0 MB.

Unloading 31 unused Assets to reduce memory usage. Loaded Objects now: 4090.
Total: 2.970000 ms (FindLiveObjects: 0.302900 ms CreateObjectMapping: 0.079500 ms MarkObjects: 2.285900 ms  DeleteObjects: 0.301000 ms)

========================================================================
Received Prepare
Registering precompiled user dll's ...
Registered in 0.004326 seconds.
Begin MonoManager ReloadAssembly
Symbol file LoadedFromMemory doesn't match image F:\projects\SlotMachine\Library\PackageCache\com.unity.visualscripting@1.6.1\Editor\VisualScripting.Core\Dependencies\YamlDotNet\Unity.VisualScripting.YamlDotNet.dll
Symbol file LoadedFromMemory doesn't match image F:\projects\SlotMachine\Library\PackageCache\com.unity.visualscripting@1.6.1\Editor\VisualScripting.Core\Dependencies\DotNetZip\Unity.VisualScripting.IonicZip.dll
Native extension for WindowsStandalone target not found
Native extension for OSXStandalone target not found
Native extension for WebGL target not found
Refreshing native plugins compatible for Editor in 0.70 ms, found 2 plugins.
Preloading 0 native plugins for Editor in 0.00 ms.
Mono: successfully reloaded assembly
- Completed reload, in  0.865 seconds
Platform modules already initialized, skipping
Refreshing native plugins compatible for Editor in 0.65 ms, found 2 plugins.
Preloading 0 native plugins for Editor in 0.00 ms.
Unloading 3391 Unused Serialized files (Serialized files now loaded: 0)
System memory in use before: 150.5 MB.
System memory in use after: 150.0 MB.

Unloading 31 unused Assets to reduce memory usage. Loaded Objects now: 4094.
Total: 2.589400 ms (FindLiveObjects: 0.314000 ms CreateObjectMapping: 0.079600 ms MarkObjects: 1.862500 ms  DeleteObjects: 0.332200 ms)

========================================================================
Received Prepare
Registering precompiled user dll's ...
Registered in 0.003680 seconds.
Begin MonoManager ReloadAssembly
Symbol file LoadedFromMemory doesn't match image F:\projects\SlotMachine\Library\PackageCache\com.unity.visualscripting@1.6.1\Editor\VisualScripting.Core\Dependencies\YamlDotNet\Unity.VisualScripting.YamlDotNet.dll
Symbol file LoadedFromMemory doesn't match image F:\projects\SlotMachine\Library\PackageCache\com.unity.visualscripting@1.6.1\Editor\VisualScripting.Core\Dependencies\DotNetZip\Unity.VisualScripting.IonicZip.dll
Native extension for WindowsStandalone target not found
Native extension for OSXStandalone target not found
Native extension for WebGL target not found
Refreshing native plugins compatible for Editor in 0.70 ms, found 2 plugins.
Preloading 0 native plugins for Editor in 0.00 ms.
Mono: successfully reloaded assembly
- Completed reload, in  0.851 seconds
Platform modules already initialized, skipping
Refreshing native plugins compatible for Editor in 0.76 ms, found 2 plugins.
Preloading 0 native plugins for Editor in 0.00 ms.
Unloading 3391 Unused Serialized files (Serialized files now loaded: 0)
System memory in use before: 150.6 MB.
System memory in use after: 150.0 MB.

Unloading 31 unused Assets to reduce memory usage. Loaded Objects now: 4098.
Total: 2.573900 ms (FindLiveObjects: 0.321000 ms CreateObjectMapping: 0.082800 ms MarkObjects: 1.855400 ms  DeleteObjects: 0.313400 ms)

========================================================================
Received Prepare
Registering precompiled user dll's ...
Registered in 0.004248 seconds.
Begin MonoManager ReloadAssembly
Symbol file LoadedFromMemory doesn't match image F:\projects\SlotMachine\Library\PackageCache\com.unity.visualscripting@1.6.1\Editor\VisualScripting.Core\Dependencies\YamlDotNet\Unity.VisualScripting.YamlDotNet.dll
Symbol file LoadedFromMemory doesn't match image F:\projects\SlotMachine\Library\PackageCache\com.unity.visualscripting@1.6.1\Editor\VisualScripting.Core\Dependencies\DotNetZip\Unity.VisualScripting.IonicZip.dll
Native extension for WindowsStandalone target not found
Native extension for OSXStandalone target not found
Native extension for WebGL target not found
Refreshing native plugins compatible for Editor in 1.21 ms, found 2 plugins.
Preloading 0 native plugins for Editor in 0.00 ms.
Mono: successfully reloaded assembly
- Completed reload, in  0.872 seconds
Platform modules already initialized, skipping
Refreshing native plugins compatible for Editor in 0.69 ms, found 2 plugins.
Preloading 0 native plugins for Editor in 0.00 ms.
Unloading 3391 Unused Serialized files (Serialized files now loaded: 0)
System memory in use before: 150.6 MB.
System memory in use after: 150.0 MB.

Unloading 31 unused Assets to reduce memory usage. Loaded Objects now: 4102.
Total: 2.724900 ms (FindLiveObjects: 0.354400 ms CreateObjectMapping: 0.081400 ms MarkObjects: 1.934700 ms  DeleteObjects: 0.353500 ms)

========================================================================
Received Prepare
Registering precompiled user dll's ...
Registered in 0.004149 seconds.
Begin MonoManager ReloadAssembly
Symbol file LoadedFromMemory doesn't match image F:\projects\SlotMachine\Library\PackageCache\com.unity.visualscripting@1.6.1\Editor\VisualScripting.Core\Dependencies\YamlDotNet\Unity.VisualScripting.YamlDotNet.dll
Symbol file LoadedFromMemory doesn't match image F:\projects\SlotMachine\Library\PackageCache\com.unity.visualscripting@1.6.1\Editor\VisualScripting.Core\Dependencies\DotNetZip\Unity.VisualScripting.IonicZip.dll
Native extension for WindowsStandalone target not found
Native extension for OSXStandalone target not found
Native extension for WebGL target not found
Refreshing native plugins compatible for Editor in 1.11 ms, found 2 plugins.
Preloading 0 native plugins for Editor in 0.00 ms.
Mono: successfully reloaded assembly
- Completed reload, in  0.864 seconds
Platform modules already initialized, skipping
Refreshing native plugins compatible for Editor in 0.68 ms, found 2 plugins.
Preloading 0 native plugins for Editor in 0.00 ms.
Unloading 3391 Unused Serialized files (Serialized files now loaded: 0)
System memory in use before: 150.6 MB.
System memory in use after: 150.0 MB.

Unloading 31 unused Assets to reduce memory usage. Loaded Objects now: 4106.
Total: 2.640400 ms (FindLiveObjects: 0.319500 ms CreateObjectMapping: 0.093800 ms MarkObjects: 1.927900 ms  DeleteObjects: 0.298400 ms)

========================================================================
Received Prepare
Registering precompiled user dll's ...
Registered in 0.004025 seconds.
Begin MonoManager ReloadAssembly
Symbol file LoadedFromMemory doesn't match image F:\projects\SlotMachine\Library\PackageCache\com.unity.visualscripting@1.6.1\Editor\VisualScripting.Core\Dependencies\YamlDotNet\Unity.VisualScripting.YamlDotNet.dll
Symbol file LoadedFromMemory doesn't match image F:\projects\SlotMachine\Library\PackageCache\com.unity.visualscripting@1.6.1\Editor\VisualScripting.Core\Dependencies\DotNetZip\Unity.VisualScripting.IonicZip.dll
Native extension for WindowsStandalone target not found
Native extension for OSXStandalone target not found
Native extension for WebGL target not found
Refreshing native plugins compatible for Editor in 0.70 ms, found 2 plugins.
Preloading 0 native plugins for Editor in 0.00 ms.
Mono: successfully reloaded assembly
- Completed reload, in  0.846 seconds
Platform modules already initialized, skipping
Refreshing native plugins compatible for Editor in 0.79 ms, found 2 plugins.
Preloading 0 native plugins for Editor in 0.00 ms.
Unloading 3391 Unused Serialized files (Serialized files now loaded: 0)
System memory in use before: 150.6 MB.
System memory in use after: 150.0 MB.

Unloading 31 unused Assets to reduce memory usage. Loaded Objects now: 4110.
Total: 2.642700 ms (FindLiveObjects: 0.338500 ms CreateObjectMapping: 0.081500 ms MarkObjects: 1.894400 ms  DeleteObjects: 0.326900 ms)

========================================================================
Received Prepare
Registering precompiled user dll's ...
Registered in 0.004193 seconds.
Begin MonoManager ReloadAssembly
Symbol file LoadedFromMemory doesn't match image F:\projects\SlotMachine\Library\PackageCache\com.unity.visualscripting@1.6.1\Editor\VisualScripting.Core\Dependencies\YamlDotNet\Unity.VisualScripting.YamlDotNet.dll
Symbol file LoadedFromMemory doesn't match image F:\projects\SlotMachine\Library\PackageCache\com.unity.visualscripting@1.6.1\Editor\VisualScripting.Core\Dependencies\DotNetZip\Unity.VisualScripting.IonicZip.dll
Native extension for WindowsStandalone target not found
Native extension for OSXStandalone target not found
Native extension for WebGL target not found
Refreshing native plugins compatible for Editor in 0.72 ms, found 2 plugins.
Preloading 0 native plugins for Editor in 0.00 ms.
Mono: successfully reloaded assembly
- Completed reload, in  0.902 seconds
Platform modules already initialized, skipping
Refreshing native plugins compatible for Editor in 0.69 ms, found 2 plugins.
Preloading 0 native plugins for Editor in 0.00 ms.
Unloading 3391 Unused Serialized files (Serialized files now loaded: 0)
System memory in use before: 150.6 MB.
System memory in use after: 150.1 MB.

Unloading 31 unused Assets to reduce memory usage. Loaded Objects now: 4114.
Total: 2.617100 ms (FindLiveObjects: 0.306100 ms CreateObjectMapping: 0.084400 ms MarkObjects: 1.917900 ms  DeleteObjects: 0.307700 ms)

========================================================================
Received Prepare
Registering precompiled user dll's ...
Registered in 0.003922 seconds.
Begin MonoManager ReloadAssembly
Symbol file LoadedFromMemory doesn't match image F:\projects\SlotMachine\Library\PackageCache\com.unity.visualscripting@1.6.1\Editor\VisualScripting.Core\Dependencies\YamlDotNet\Unity.VisualScripting.YamlDotNet.dll
Symbol file LoadedFromMemory doesn't match image F:\projects\SlotMachine\Library\PackageCache\com.unity.visualscripting@1.6.1\Editor\VisualScripting.Core\Dependencies\DotNetZip\Unity.VisualScripting.IonicZip.dll
Native extension for WindowsStandalone target not found
Native extension for OSXStandalone target not found
Native extension for WebGL target not found
Refreshing native plugins compatible for Editor in 0.72 ms, found 2 plugins.
Preloading 0 native plugins for Editor in 0.00 ms.
Mono: successfully reloaded assembly
- Completed reload, in  0.846 seconds
Platform modules already initialized, skipping
Refreshing native plugins compatible for Editor in 0.75 ms, found 2 plugins.
Preloading 0 native plugins for Editor in 0.00 ms.
Unloading 3391 Unused Serialized files (Serialized files now loaded: 0)
System memory in use before: 150.6 MB.
System memory in use after: 150.1 MB.

Unloading 31 unused Assets to reduce memory usage. Loaded Objects now: 4118.
Total: 2.643500 ms (FindLiveObjects: 0.324200 ms CreateObjectMapping: 0.082000 ms MarkObjects: 1.916600 ms  DeleteObjects: 0.319700 ms)

========================================================================
Received Prepare
Registering precompiled user dll's ...
Registered in 0.003938 seconds.
Begin MonoManager ReloadAssembly
Symbol file LoadedFromMemory doesn't match image F:\projects\SlotMachine\Library\PackageCache\com.unity.visualscripting@1.6.1\Editor\VisualScripting.Core\Dependencies\YamlDotNet\Unity.VisualScripting.YamlDotNet.dll
Symbol file LoadedFromMemory doesn't match image F:\projects\SlotMachine\Library\PackageCache\com.unity.visualscripting@1.6.1\Editor\VisualScripting.Core\Dependencies\DotNetZip\Unity.VisualScripting.IonicZip.dll
Native extension for WindowsStandalone target not found
Native extension for OSXStandalone target not found
Native extension for WebGL target not found
Refreshing native plugins compatible for Editor in 0.69 ms, found 2 plugins.
Preloading 0 native plugins for Editor in 0.00 ms.
Mono: successfully reloaded assembly
- Completed reload, in  0.864 seconds
Platform modules already initialized, skipping
Refreshing native plugins compatible for Editor in 0.76 ms, found 2 plugins.
Preloading 0 native plugins for Editor in 0.00 ms.
Unloading 3391 Unused Serialized files (Serialized files now loaded: 0)
System memory in use before: 150.6 MB.
System memory in use after: 150.1 MB.

Unloading 31 unused Assets to reduce memory usage. Loaded Objects now: 4122.
Total: 2.674600 ms (FindLiveObjects: 0.343900 ms CreateObjectMapping: 0.081500 ms MarkObjects: 1.930700 ms  DeleteObjects: 0.317500 ms)

========================================================================
Received Prepare
Registering precompiled user dll's ...
Registered in 0.004822 seconds.
Begin MonoManager ReloadAssembly
Symbol file LoadedFromMemory doesn't match image F:\projects\SlotMachine\Library\PackageCache\com.unity.visualscripting@1.6.1\Editor\VisualScripting.Core\Dependencies\YamlDotNet\Unity.VisualScripting.YamlDotNet.dll
Symbol file LoadedFromMemory doesn't match image F:\projects\SlotMachine\Library\PackageCache\com.unity.visualscripting@1.6.1\Editor\VisualScripting.Core\Dependencies\DotNetZip\Unity.VisualScripting.IonicZip.dll
Native extension for WindowsStandalone target not found
Native extension for OSXStandalone target not found
Native extension for WebGL target not found
Refreshing native plugins compatible for Editor in 0.71 ms, found 2 plugins.
Preloading 0 native plugins for Editor in 0.00 ms.
Mono: successfully reloaded assembly
- Completed reload, in  0.891 seconds
Platform modules already initialized, skipping
Refreshing native plugins compatible for Editor in 0.81 ms, found 2 plugins.
Preloading 0 native plugins for Editor in 0.00 ms.
Unloading 3391 Unused Serialized files (Serialized files now loaded: 0)
System memory in use before: 150.6 MB.
System memory in use after: 150.1 MB.

Unloading 31 unused Assets to reduce memory usage. Loaded Objects now: 4126.
Total: 2.633700 ms (FindLiveObjects: 0.324200 ms CreateObjectMapping: 0.084800 ms MarkObjects: 1.875800 ms  DeleteObjects: 0.348200 ms)

========================================================================
Received Prepare
Registering precompiled user dll's ...
Registered in 0.003958 seconds.
Begin MonoManager ReloadAssembly
Symbol file LoadedFromMemory doesn't match image F:\projects\SlotMachine\Library\PackageCache\com.unity.visualscripting@1.6.1\Editor\VisualScripting.Core\Dependencies\YamlDotNet\Unity.VisualScripting.YamlDotNet.dll
Symbol file LoadedFromMemory doesn't match image F:\projects\SlotMachine\Library\PackageCache\com.unity.visualscripting@1.6.1\Editor\VisualScripting.Core\Dependencies\DotNetZip\Unity.VisualScripting.IonicZip.dll
Native extension for WindowsStandalone target not found
Native extension for OSXStandalone target not found
Native extension for WebGL target not found
Refreshing native plugins compatible for Editor in 0.69 ms, found 2 plugins.
Preloading 0 native plugins for Editor in 0.00 ms.
Mono: successfully reloaded assembly
- Completed reload, in  0.857 seconds
Platform modules already initialized, skipping
Refreshing native plugins compatible for Editor in 0.81 ms, found 2 plugins.
Preloading 0 native plugins for Editor in 0.00 ms.
Unloading 3391 Unused Serialized files (Serialized files now loaded: 0)
System memory in use before: 150.6 MB.
System memory in use after: 150.1 MB.

Unloading 31 unused Assets to reduce memory usage. Loaded Objects now: 4130.
Total: 2.764800 ms (FindLiveObjects: 0.364200 ms CreateObjectMapping: 0.083500 ms MarkObjects: 1.991600 ms  DeleteObjects: 0.324400 ms)

========================================================================
Received Prepare
Registering precompiled user dll's ...
Registered in 0.004039 seconds.
Begin MonoManager ReloadAssembly
Symbol file LoadedFromMemory doesn't match image F:\projects\SlotMachine\Library\PackageCache\com.unity.visualscripting@1.6.1\Editor\VisualScripting.Core\Dependencies\YamlDotNet\Unity.VisualScripting.YamlDotNet.dll
Symbol file LoadedFromMemory doesn't match image F:\projects\SlotMachine\Library\PackageCache\com.unity.visualscripting@1.6.1\Editor\VisualScripting.Core\Dependencies\DotNetZip\Unity.VisualScripting.IonicZip.dll
Native extension for WindowsStandalone target not found
Native extension for OSXStandalone target not found
Native extension for WebGL target not found
Refreshing native plugins compatible for Editor in 0.69 ms, found 2 plugins.
Preloading 0 native plugins for Editor in 0.00 ms.
Mono: successfully reloaded assembly
- Completed reload, in  0.835 seconds
Platform modules already initialized, skipping
Refreshing native plugins compatible for Editor in 0.70 ms, found 2 plugins.
Preloading 0 native plugins for Editor in 0.00 ms.
Unloading 3391 Unused Serialized files (Serialized files now loaded: 0)
System memory in use before: 150.6 MB.
System memory in use after: 150.1 MB.

Unloading 31 unused Assets to reduce memory usage. Loaded Objects now: 4134.
Total: 2.962500 ms (FindLiveObjects: 0.317700 ms CreateObjectMapping: 0.084500 ms MarkObjects: 2.251000 ms  DeleteObjects: 0.308200 ms)

========================================================================
Received Import Request.
  Time since last request: 1376.348339 seconds.
  path: Assets/Scripts/Items
  artifactKey: Guid(1274df23dcce07044963900576fc2488) Importer(815301076,1909f56bfc062723c751e8b465ee728b)
Start importing Assets/Scripts/Items using Guid(1274df23dcce07044963900576fc2488) Importer(815301076,1909f56bfc062723c751e8b465ee728b)  -> (artifact id: '7e8fd7d9ef609721a5e33e5a3b2bb939') in 0.010613 seconds 
========================================================================
Received Import Request.
  Time since last request: 6.431502 seconds.
  path: Assets/Scripts/Items/Collection.cs
  artifactKey: Guid(6fef7f5d2ce585d4d8e56de55dac3556) Importer(815301076,1909f56bfc062723c751e8b465ee728b)
Start importing Assets/Scripts/Items/Collection.cs using Guid(6fef7f5d2ce585d4d8e56de55dac3556) Importer(815301076,1909f56bfc062723c751e8b465ee728b)  -> (artifact id: '77740a55e25054e96d27216baada66df') in 0.006793 seconds 
========================================================================
Received Prepare
Registering precompiled user dll's ...
Registered in 0.004343 seconds.
Begin MonoManager ReloadAssembly
Symbol file LoadedFromMemory doesn't match image F:\projects\SlotMachine\Library\PackageCache\com.unity.visualscripting@1.6.1\Editor\VisualScripting.Core\Dependencies\YamlDotNet\Unity.VisualScripting.YamlDotNet.dll
Symbol file LoadedFromMemory doesn't match image F:\projects\SlotMachine\Library\PackageCache\com.unity.visualscripting@1.6.1\Editor\VisualScripting.Core\Dependencies\DotNetZip\Unity.VisualScripting.IonicZip.dll
Native extension for WindowsStandalone target not found
Native extension for OSXStandalone target not found
Native extension for WebGL target not found
Refreshing native plugins compatible for Editor in 0.71 ms, found 2 plugins.
Preloading 0 native plugins for Editor in 0.00 ms.
Mono: successfully reloaded assembly
- Completed reload, in  0.859 seconds
Platform modules already initialized, skipping
Refreshing native plugins compatible for Editor in 0.70 ms, found 2 plugins.
Preloading 0 native plugins for Editor in 0.00 ms.
Unloading 3392 Unused Serialized files (Serialized files now loaded: 0)
System memory in use before: 150.7 MB.
System memory in use after: 150.1 MB.

Unloading 31 unused Assets to reduce memory usage. Loaded Objects now: 4139.
Total: 2.844400 ms (FindLiveObjects: 0.325800 ms CreateObjectMapping: 0.083400 ms MarkObjects: 2.115200 ms  DeleteObjects: 0.318900 ms)

========================================================================
Received Import Request.
  Time since last request: 9.190497 seconds.
  path: Assets/Scripts/Items/Item.cs
  artifactKey: Guid(b3cb224f60c963840a5ce8e19b9deb5b) Importer(815301076,1909f56bfc062723c751e8b465ee728b)
Start importing Assets/Scripts/Items/Item.cs using Guid(b3cb224f60c963840a5ce8e19b9deb5b) Importer(815301076,1909f56bfc062723c751e8b465ee728b)  -> (artifact id: '7cab072b842d4a4bfbe5fc4a5bb1f511') in 0.010390 seconds 
========================================================================
Received Prepare
Registering precompiled user dll's ...
Registered in 0.004295 seconds.
Begin MonoManager ReloadAssembly
Symbol file LoadedFromMemory doesn't match image F:\projects\SlotMachine\Library\PackageCache\com.unity.visualscripting@1.6.1\Editor\VisualScripting.Core\Dependencies\YamlDotNet\Unity.VisualScripting.YamlDotNet.dll
Symbol file LoadedFromMemory doesn't match image F:\projects\SlotMachine\Library\PackageCache\com.unity.visualscripting@1.6.1\Editor\VisualScripting.Core\Dependencies\DotNetZip\Unity.VisualScripting.IonicZip.dll
Native extension for WindowsStandalone target not found
Native extension for OSXStandalone target not found
Native extension for WebGL target not found
Refreshing native plugins compatible for Editor in 0.75 ms, found 2 plugins.
Preloading 0 native plugins for Editor in 0.00 ms.
Mono: successfully reloaded assembly
- Completed reload, in  0.879 seconds
Platform modules already initialized, skipping
Refreshing native plugins compatible for Editor in 0.76 ms, found 2 plugins.
Preloading 0 native plugins for Editor in 0.00 ms.
Unloading 3393 Unused Serialized files (Serialized files now loaded: 0)
System memory in use before: 150.7 MB.
System memory in use after: 150.2 MB.

Unloading 31 unused Assets to reduce memory usage. Loaded Objects now: 4144.
Total: 2.880700 ms (FindLiveObjects: 0.357700 ms CreateObjectMapping: 0.081600 ms MarkObjects: 2.124000 ms  DeleteObjects: 0.316100 ms)

========================================================================
Received Import Request.
  Time since last request: 21.999702 seconds.
  path: Assets/Scripts/Items/ItemData.cs
  artifactKey: Guid(33bb10d2ae749e34f9258b441a45027a) Importer(815301076,1909f56bfc062723c751e8b465ee728b)
Start importing Assets/Scripts/Items/ItemData.cs using Guid(33bb10d2ae749e34f9258b441a45027a) Importer(815301076,1909f56bfc062723c751e8b465ee728b)  -> (artifact id: 'ac9cf34a918a24a750ea47a8a21b6806') in 0.014153 seconds 
========================================================================
Received Prepare
Registering precompiled user dll's ...
Registered in 0.004191 seconds.
Begin MonoManager ReloadAssembly
Symbol file LoadedFromMemory doesn't match image F:\projects\SlotMachine\Library\PackageCache\com.unity.visualscripting@1.6.1\Editor\VisualScripting.Core\Dependencies\YamlDotNet\Unity.VisualScripting.YamlDotNet.dll
Symbol file LoadedFromMemory doesn't match image F:\projects\SlotMachine\Library\PackageCache\com.unity.visualscripting@1.6.1\Editor\VisualScripting.Core\Dependencies\DotNetZip\Unity.VisualScripting.IonicZip.dll
Native extension for WindowsStandalone target not found
Native extension for OSXStandalone target not found
Native extension for WebGL target not found
Refreshing native plugins compatible for Editor in 0.80 ms, found 2 plugins.
Preloading 0 native plugins for Editor in 0.00 ms.
Mono: successfully reloaded assembly
- Completed reload, in  0.875 seconds
Platform modules already initialized, skipping
Refreshing native plugins compatible for Editor in 0.65 ms, found 2 plugins.
Preloading 0 native plugins for Editor in 0.00 ms.
Unloading 3394 Unused Serialized files (Serialized files now loaded: 0)
System memory in use before: 150.8 MB.
System memory in use after: 150.3 MB.

Unloading 31 unused Assets to reduce memory usage. Loaded Objects now: 4149.
Total: 2.612100 ms (FindLiveObjects: 0.326300 ms CreateObjectMapping: 0.081900 ms MarkObjects: 1.886100 ms  DeleteObjects: 0.317000 ms)

========================================================================
Received Import Request.
  Time since last request: 511.396022 seconds.
  path: Assets/Sprites/UI/Master.mixer
  artifactKey: Guid(d57c3e4367aa11b4eaf6ae741d3e96e5) Importer(815301076,1909f56bfc062723c751e8b465ee728b)
Start importing Assets/Sprites/UI/Master.mixer using Guid(d57c3e4367aa11b4eaf6ae741d3e96e5) Importer(815301076,1909f56bfc062723c751e8b465ee728b)  -> (artifact id: 'd31cdfaf9dca3ba568ce401eeae79488') in 0.023361 seconds 
========================================================================
Received Prepare
Registering precompiled user dll's ...
Registered in 0.004461 seconds.
Begin MonoManager ReloadAssembly
Symbol file LoadedFromMemory doesn't match image F:\projects\SlotMachine\Library\PackageCache\com.unity.visualscripting@1.6.1\Editor\VisualScripting.Core\Dependencies\YamlDotNet\Unity.VisualScripting.YamlDotNet.dll
Symbol file LoadedFromMemory doesn't match image F:\projects\SlotMachine\Library\PackageCache\com.unity.visualscripting@1.6.1\Editor\VisualScripting.Core\Dependencies\DotNetZip\Unity.VisualScripting.IonicZip.dll
Native extension for WindowsStandalone target not found
Native extension for OSXStandalone target not found
Native extension for WebGL target not found
Refreshing native plugins compatible for Editor in 0.96 ms, found 2 plugins.
Preloading 0 native plugins for Editor in 0.00 ms.
Mono: successfully reloaded assembly
- Completed reload, in  0.921 seconds
Platform modules already initialized, skipping
Refreshing native plugins compatible for Editor in 0.76 ms, found 2 plugins.
Preloading 0 native plugins for Editor in 0.00 ms.
Unloading 3394 Unused Serialized files (Serialized files now loaded: 0)
System memory in use before: 150.8 MB.
System memory in use after: 150.3 MB.

Unloading 31 unused Assets to reduce memory usage. Loaded Objects now: 4153.
Total: 2.682700 ms (FindLiveObjects: 0.345200 ms CreateObjectMapping: 0.080700 ms MarkObjects: 1.929800 ms  DeleteObjects: 0.325600 ms)

========================================================================
Received Prepare
Registering precompiled user dll's ...
Registered in 0.003917 seconds.
Begin MonoManager ReloadAssembly
Symbol file LoadedFromMemory doesn't match image F:\projects\SlotMachine\Library\PackageCache\com.unity.visualscripting@1.6.1\Editor\VisualScripting.Core\Dependencies\YamlDotNet\Unity.VisualScripting.YamlDotNet.dll
Symbol file LoadedFromMemory doesn't match image F:\projects\SlotMachine\Library\PackageCache\com.unity.visualscripting@1.6.1\Editor\VisualScripting.Core\Dependencies\DotNetZip\Unity.VisualScripting.IonicZip.dll
Native extension for WindowsStandalone target not found
Native extension for OSXStandalone target not found
Native extension for WebGL target not found
Refreshing native plugins compatible for Editor in 0.72 ms, found 2 plugins.
Preloading 0 native plugins for Editor in 0.00 ms.
Mono: successfully reloaded assembly
- Completed reload, in  0.862 seconds
Platform modules already initialized, skipping
Refreshing native plugins compatible for Editor in 0.81 ms, found 2 plugins.
Preloading 0 native plugins for Editor in 0.00 ms.
Unloading 3394 Unused Serialized files (Serialized files now loaded: 0)
System memory in use before: 150.9 MB.
System memory in use after: 150.3 MB.

Unloading 31 unused Assets to reduce memory usage. Loaded Objects now: 4157.
Total: 2.692000 ms (FindLiveObjects: 0.345500 ms CreateObjectMapping: 0.081000 ms MarkObjects: 1.938000 ms  DeleteObjects: 0.326000 ms)

========================================================================
Received Prepare
Registering precompiled user dll's ...
Registered in 0.004227 seconds.
Begin MonoManager ReloadAssembly
Symbol file LoadedFromMemory doesn't match image F:\projects\SlotMachine\Library\PackageCache\com.unity.visualscripting@1.6.1\Editor\VisualScripting.Core\Dependencies\YamlDotNet\Unity.VisualScripting.YamlDotNet.dll
Symbol file LoadedFromMemory doesn't match image F:\projects\SlotMachine\Library\PackageCache\com.unity.visualscripting@1.6.1\Editor\VisualScripting.Core\Dependencies\DotNetZip\Unity.VisualScripting.IonicZip.dll
Native extension for WindowsStandalone target not found
Native extension for OSXStandalone target not found
Native extension for WebGL target not found
Refreshing native plugins compatible for Editor in 0.85 ms, found 2 plugins.
Preloading 0 native plugins for Editor in 0.00 ms.
Mono: successfully reloaded assembly
- Completed reload, in  0.853 seconds
Platform modules already initialized, skipping
Refreshing native plugins compatible for Editor in 0.70 ms, found 2 plugins.
Preloading 0 native plugins for Editor in 0.00 ms.
Unloading 3394 Unused Serialized files (Serialized files now loaded: 0)
System memory in use before: 150.9 MB.
System memory in use after: 150.3 MB.

Unloading 31 unused Assets to reduce memory usage. Loaded Objects now: 4161.
Total: 2.615000 ms (FindLiveObjects: 0.312000 ms CreateObjectMapping: 0.083600 ms MarkObjects: 1.912200 ms  DeleteObjects: 0.306500 ms)

========================================================================
Received Import Request.
  Time since last request: 95.059165 seconds.
  path: Assets/Scripts/UI/Settings.cs
  artifactKey: Guid(770916a9f50d4794e834bb6dfbc32a01) Importer(815301076,1909f56bfc062723c751e8b465ee728b)
Start importing Assets/Scripts/UI/Settings.cs using Guid(770916a9f50d4794e834bb6dfbc32a01) Importer(815301076,1909f56bfc062723c751e8b465ee728b)  -> (artifact id: '178d4caa133ff4639de5eb660debdc53') in 0.009951 seconds 
========================================================================
Received Prepare
Registering precompiled user dll's ...
Registered in 0.004084 seconds.
Begin MonoManager ReloadAssembly
Symbol file LoadedFromMemory doesn't match image F:\projects\SlotMachine\Library\PackageCache\com.unity.visualscripting@1.6.1\Editor\VisualScripting.Core\Dependencies\YamlDotNet\Unity.VisualScripting.YamlDotNet.dll
Symbol file LoadedFromMemory doesn't match image F:\projects\SlotMachine\Library\PackageCache\com.unity.visualscripting@1.6.1\Editor\VisualScripting.Core\Dependencies\DotNetZip\Unity.VisualScripting.IonicZip.dll
Native extension for WindowsStandalone target not found
Native extension for OSXStandalone target not found
Native extension for WebGL target not found
Refreshing native plugins compatible for Editor in 0.89 ms, found 2 plugins.
Preloading 0 native plugins for Editor in 0.00 ms.
Mono: successfully reloaded assembly
- Completed reload, in  0.875 seconds
Platform modules already initialized, skipping
Refreshing native plugins compatible for Editor in 0.71 ms, found 2 plugins.
Preloading 0 native plugins for Editor in 0.00 ms.
Unloading 3395 Unused Serialized files (Serialized files now loaded: 0)
System memory in use before: 150.9 MB.
System memory in use after: 150.4 MB.

Unloading 31 unused Assets to reduce memory usage. Loaded Objects now: 4166.
Total: 2.650900 ms (FindLiveObjects: 0.322200 ms CreateObjectMapping: 0.085300 ms MarkObjects: 1.922200 ms  DeleteObjects: 0.320300 ms)

========================================================================
Received Prepare
Registering precompiled user dll's ...
Registered in 0.004220 seconds.
Begin MonoManager ReloadAssembly
Symbol file LoadedFromMemory doesn't match image F:\projects\SlotMachine\Library\PackageCache\com.unity.visualscripting@1.6.1\Editor\VisualScripting.Core\Dependencies\YamlDotNet\Unity.VisualScripting.YamlDotNet.dll
Symbol file LoadedFromMemory doesn't match image F:\projects\SlotMachine\Library\PackageCache\com.unity.visualscripting@1.6.1\Editor\VisualScripting.Core\Dependencies\DotNetZip\Unity.VisualScripting.IonicZip.dll
Native extension for WindowsStandalone target not found
Native extension for OSXStandalone target not found
Native extension for WebGL target not found
Refreshing native plugins compatible for Editor in 0.73 ms, found 2 plugins.
Preloading 0 native plugins for Editor in 0.00 ms.
Mono: successfully reloaded assembly
- Completed reload, in  0.891 seconds
Platform modules already initialized, skipping
Refreshing native plugins compatible for Editor in 0.71 ms, found 2 plugins.
Preloading 0 native plugins for Editor in 0.00 ms.
Unloading 3395 Unused Serialized files (Serialized files now loaded: 0)
System memory in use before: 150.9 MB.
System memory in use after: 150.4 MB.

Unloading 31 unused Assets to reduce memory usage. Loaded Objects now: 4170.
Total: 2.731800 ms (FindLiveObjects: 0.332900 ms CreateObjectMapping: 0.084500 ms MarkObjects: 1.964100 ms  DeleteObjects: 0.349100 ms)

========================================================================
Received Import Request.
  Time since last request: 104.567645 seconds.
  path: Assets/Scripts/UI/Settings.cs
  artifactKey: Guid(770916a9f50d4794e834bb6dfbc32a01) Importer(815301076,1909f56bfc062723c751e8b465ee728b)
Start importing Assets/Scripts/UI/Settings.cs using Guid(770916a9f50d4794e834bb6dfbc32a01) Importer(815301076,1909f56bfc062723c751e8b465ee728b)  -> (artifact id: '7ed7fca4e3ace8122fc4f5a840271010') in 0.006452 seconds 
========================================================================
Received Prepare
Registering precompiled user dll's ...
Registered in 0.004089 seconds.
Begin MonoManager ReloadAssembly
Symbol file LoadedFromMemory doesn't match image F:\projects\SlotMachine\Library\PackageCache\com.unity.visualscripting@1.6.1\Editor\VisualScripting.Core\Dependencies\YamlDotNet\Unity.VisualScripting.YamlDotNet.dll
Symbol file LoadedFromMemory doesn't match image F:\projects\SlotMachine\Library\PackageCache\com.unity.visualscripting@1.6.1\Editor\VisualScripting.Core\Dependencies\DotNetZip\Unity.VisualScripting.IonicZip.dll
Native extension for WindowsStandalone target not found
Native extension for OSXStandalone target not found
Native extension for WebGL target not found
Refreshing native plugins compatible for Editor in 0.72 ms, found 2 plugins.
Preloading 0 native plugins for Editor in 0.00 ms.
Mono: successfully reloaded assembly
- Completed reload, in  0.878 seconds
Platform modules already initialized, skipping
Refreshing native plugins compatible for Editor in 0.68 ms, found 2 plugins.
Preloading 0 native plugins for Editor in 0.00 ms.
Unloading 3395 Unused Serialized files (Serialized files now loaded: 0)
System memory in use before: 150.9 MB.
System memory in use after: 150.4 MB.

Unloading 31 unused Assets to reduce memory usage. Loaded Objects now: 4174.
Total: 2.755900 ms (FindLiveObjects: 0.345700 ms CreateObjectMapping: 0.085500 ms MarkObjects: 2.014800 ms  DeleteObjects: 0.309100 ms)

========================================================================
Received Import Request.
  Time since last request: 46.516702 seconds.
  path: Assets/Scripts/UI/Settings.cs
  artifactKey: Guid(770916a9f50d4794e834bb6dfbc32a01) Importer(815301076,1909f56bfc062723c751e8b465ee728b)
Start importing Assets/Scripts/UI/Settings.cs using Guid(770916a9f50d4794e834bb6dfbc32a01) Importer(815301076,1909f56bfc062723c751e8b465ee728b)  -> (artifact id: '220aa89ff5af4bb152e4936a93b258e4') in 0.006306 seconds 
========================================================================
Received Prepare
Registering precompiled user dll's ...
Registered in 0.004028 seconds.
Begin MonoManager ReloadAssembly
Symbol file LoadedFromMemory doesn't match image F:\projects\SlotMachine\Library\PackageCache\com.unity.visualscripting@1.6.1\Editor\VisualScripting.Core\Dependencies\YamlDotNet\Unity.VisualScripting.YamlDotNet.dll
Symbol file LoadedFromMemory doesn't match image F:\projects\SlotMachine\Library\PackageCache\com.unity.visualscripting@1.6.1\Editor\VisualScripting.Core\Dependencies\DotNetZip\Unity.VisualScripting.IonicZip.dll
Native extension for WindowsStandalone target not found
Native extension for OSXStandalone target not found
Native extension for WebGL target not found
Refreshing native plugins compatible for Editor in 0.80 ms, found 2 plugins.
Preloading 0 native plugins for Editor in 0.00 ms.
Mono: successfully reloaded assembly
- Completed reload, in  0.850 seconds
Platform modules already initialized, skipping
Refreshing native plugins compatible for Editor in 0.72 ms, found 2 plugins.
Preloading 0 native plugins for Editor in 0.00 ms.
Unloading 3395 Unused Serialized files (Serialized files now loaded: 0)
System memory in use before: 150.9 MB.
System memory in use after: 150.4 MB.

Unloading 31 unused Assets to reduce memory usage. Loaded Objects now: 4178.
Total: 2.636500 ms (FindLiveObjects: 0.339400 ms CreateObjectMapping: 0.081600 ms MarkObjects: 1.902200 ms  DeleteObjects: 0.312200 ms)

========================================================================
Received Prepare
Registering precompiled user dll's ...
Registered in 0.004126 seconds.
Begin MonoManager ReloadAssembly
Symbol file LoadedFromMemory doesn't match image F:\projects\SlotMachine\Library\PackageCache\com.unity.visualscripting@1.6.1\Editor\VisualScripting.Core\Dependencies\YamlDotNet\Unity.VisualScripting.YamlDotNet.dll
Symbol file LoadedFromMemory doesn't match image F:\projects\SlotMachine\Library\PackageCache\com.unity.visualscripting@1.6.1\Editor\VisualScripting.Core\Dependencies\DotNetZip\Unity.VisualScripting.IonicZip.dll
Native extension for WindowsStandalone target not found
Native extension for OSXStandalone target not found
Native extension for WebGL target not found
Refreshing native plugins compatible for Editor in 0.83 ms, found 2 plugins.
Preloading 0 native plugins for Editor in 0.00 ms.
Mono: successfully reloaded assembly
- Completed reload, in  0.841 seconds
Platform modules already initialized, skipping
Refreshing native plugins compatible for Editor in 0.70 ms, found 2 plugins.
Preloading 0 native plugins for Editor in 0.00 ms.
Unloading 3395 Unused Serialized files (Serialized files now loaded: 0)
System memory in use before: 150.9 MB.
System memory in use after: 150.4 MB.

Unloading 31 unused Assets to reduce memory usage. Loaded Objects now: 4182.
Total: 2.636400 ms (FindLiveObjects: 0.317400 ms CreateObjectMapping: 0.085400 ms MarkObjects: 1.901800 ms  DeleteObjects: 0.330500 ms)

========================================================================
Received Prepare
Registering precompiled user dll's ...
Registered in 0.004425 seconds.
Begin MonoManager ReloadAssembly
Symbol file LoadedFromMemory doesn't match image F:\projects\SlotMachine\Library\PackageCache\com.unity.visualscripting@1.6.1\Editor\VisualScripting.Core\Dependencies\YamlDotNet\Unity.VisualScripting.YamlDotNet.dll
Symbol file LoadedFromMemory doesn't match image F:\projects\SlotMachine\Library\PackageCache\com.unity.visualscripting@1.6.1\Editor\VisualScripting.Core\Dependencies\DotNetZip\Unity.VisualScripting.IonicZip.dll
Native extension for WindowsStandalone target not found
Native extension for OSXStandalone target not found
Native extension for WebGL target not found
Refreshing native plugins compatible for Editor in 0.74 ms, found 2 plugins.
Preloading 0 native plugins for Editor in 0.00 ms.
Mono: successfully reloaded assembly
- Completed reload, in  0.873 seconds
Platform modules already initialized, skipping
Refreshing native plugins compatible for Editor in 0.68 ms, found 2 plugins.
Preloading 0 native plugins for Editor in 0.00 ms.
Unloading 3395 Unused Serialized files (Serialized files now loaded: 0)
System memory in use before: 150.9 MB.
System memory in use after: 150.4 MB.

Unloading 31 unused Assets to reduce memory usage. Loaded Objects now: 4186.
Total: 2.988500 ms (FindLiveObjects: 0.347900 ms CreateObjectMapping: 0.086100 ms MarkObjects: 2.186900 ms  DeleteObjects: 0.366800 ms)

========================================================================
Received Prepare
Registering precompiled user dll's ...
Registered in 0.004497 seconds.
Begin MonoManager ReloadAssembly
Symbol file LoadedFromMemory doesn't match image F:\projects\SlotMachine\Library\PackageCache\com.unity.visualscripting@1.6.1\Editor\VisualScripting.Core\Dependencies\YamlDotNet\Unity.VisualScripting.YamlDotNet.dll
Symbol file LoadedFromMemory doesn't match image F:\projects\SlotMachine\Library\PackageCache\com.unity.visualscripting@1.6.1\Editor\VisualScripting.Core\Dependencies\DotNetZip\Unity.VisualScripting.IonicZip.dll
Native extension for WindowsStandalone target not found
Native extension for OSXStandalone target not found
Native extension for WebGL target not found
Refreshing native plugins compatible for Editor in 0.71 ms, found 2 plugins.
Preloading 0 native plugins for Editor in 0.00 ms.
Mono: successfully reloaded assembly
- Completed reload, in  0.866 seconds
Platform modules already initialized, skipping
Refreshing native plugins compatible for Editor in 0.74 ms, found 2 plugins.
Preloading 0 native plugins for Editor in 0.00 ms.
Unloading 3395 Unused Serialized files (Serialized files now loaded: 0)
System memory in use before: 150.9 MB.
System memory in use after: 150.4 MB.

Unloading 31 unused Assets to reduce memory usage. Loaded Objects now: 4190.
Total: 2.789500 ms (FindLiveObjects: 0.374600 ms CreateObjectMapping: 0.086700 ms MarkObjects: 2.002800 ms  DeleteObjects: 0.324200 ms)

========================================================================
Received Prepare
Registering precompiled user dll's ...
Registered in 0.004395 seconds.
Begin MonoManager ReloadAssembly
Symbol file LoadedFromMemory doesn't match image F:\projects\SlotMachine\Library\PackageCache\com.unity.visualscripting@1.6.1\Editor\VisualScripting.Core\Dependencies\YamlDotNet\Unity.VisualScripting.YamlDotNet.dll
Symbol file LoadedFromMemory doesn't match image F:\projects\SlotMachine\Library\PackageCache\com.unity.visualscripting@1.6.1\Editor\VisualScripting.Core\Dependencies\DotNetZip\Unity.VisualScripting.IonicZip.dll
Native extension for WindowsStandalone target not found
Native extension for OSXStandalone target not found
Native extension for WebGL target not found
Refreshing native plugins compatible for Editor in 0.73 ms, found 2 plugins.
Preloading 0 native plugins for Editor in 0.00 ms.
Mono: successfully reloaded assembly
- Completed reload, in  0.885 seconds
Platform modules already initialized, skipping
Refreshing native plugins compatible for Editor in 0.68 ms, found 2 plugins.
Preloading 0 native plugins for Editor in 0.00 ms.
Unloading 3395 Unused Serialized files (Serialized files now loaded: 0)
System memory in use before: 151.0 MB.
System memory in use after: 150.4 MB.

Unloading 31 unused Assets to reduce memory usage. Loaded Objects now: 4194.
Total: 2.708700 ms (FindLiveObjects: 0.327100 ms CreateObjectMapping: 0.080400 ms MarkObjects: 1.948200 ms  DeleteObjects: 0.352200 ms)

========================================================================
Received Prepare
Registering precompiled user dll's ...
Registered in 0.003968 seconds.
Begin MonoManager ReloadAssembly
Symbol file LoadedFromMemory doesn't match image F:\projects\SlotMachine\Library\PackageCache\com.unity.visualscripting@1.6.1\Editor\VisualScripting.Core\Dependencies\YamlDotNet\Unity.VisualScripting.YamlDotNet.dll
Symbol file LoadedFromMemory doesn't match image F:\projects\SlotMachine\Library\PackageCache\com.unity.visualscripting@1.6.1\Editor\VisualScripting.Core\Dependencies\DotNetZip\Unity.VisualScripting.IonicZip.dll
Native extension for WindowsStandalone target not found
Native extension for OSXStandalone target not found
Native extension for WebGL target not found
Refreshing native plugins compatible for Editor in 0.73 ms, found 2 plugins.
Preloading 0 native plugins for Editor in 0.00 ms.
Mono: successfully reloaded assembly
- Completed reload, in  0.875 seconds
Platform modules already initialized, skipping
Refreshing native plugins compatible for Editor in 0.70 ms, found 2 plugins.
Preloading 0 native plugins for Editor in 0.00 ms.
Unloading 3395 Unused Serialized files (Serialized files now loaded: 0)
System memory in use before: 151.0 MB.
System memory in use after: 150.4 MB.

Unloading 31 unused Assets to reduce memory usage. Loaded Objects now: 4198.
Total: 3.350200 ms (FindLiveObjects: 0.361800 ms CreateObjectMapping: 0.088200 ms MarkObjects: 2.545700 ms  DeleteObjects: 0.353300 ms)

========================================================================
Received Prepare
Registering precompiled user dll's ...
Registered in 0.004520 seconds.
Begin MonoManager ReloadAssembly
Symbol file LoadedFromMemory doesn't match image F:\projects\SlotMachine\Library\PackageCache\com.unity.visualscripting@1.6.1\Editor\VisualScripting.Core\Dependencies\YamlDotNet\Unity.VisualScripting.YamlDotNet.dll
Symbol file LoadedFromMemory doesn't match image F:\projects\SlotMachine\Library\PackageCache\com.unity.visualscripting@1.6.1\Editor\VisualScripting.Core\Dependencies\DotNetZip\Unity.VisualScripting.IonicZip.dll
Native extension for WindowsStandalone target not found
Native extension for OSXStandalone target not found
Native extension for WebGL target not found
Refreshing native plugins compatible for Editor in 0.82 ms, found 2 plugins.
Preloading 0 native plugins for Editor in 0.00 ms.
Mono: successfully reloaded assembly
- Completed reload, in  0.869 seconds
Platform modules already initialized, skipping
Refreshing native plugins compatible for Editor in 0.68 ms, found 2 plugins.
Preloading 0 native plugins for Editor in 0.00 ms.
Unloading 3395 Unused Serialized files (Serialized files now loaded: 0)
System memory in use before: 151.0 MB.
System memory in use after: 150.4 MB.

Unloading 31 unused Assets to reduce memory usage. Loaded Objects now: 4202.
Total: 2.665800 ms (FindLiveObjects: 0.334800 ms CreateObjectMapping: 0.082500 ms MarkObjects: 1.939900 ms  DeleteObjects: 0.307400 ms)

